#
# There is insufficient memory for the Java Runtime Environment to continue.
# Native memory allocation (mmap) failed to map 8192 bytes for Unable to commit Safepoint polling page
# Possible reasons:
#   The system is out of physical RAM or swap space
#   The process is running with CompressedOops enabled, and the Java Heap may be blocking the growth of the native heap
# Possible solutions:
#   Reduce memory load on the system
#   Increase physical memory or swap space
#   Check if swap backing store is full
#   Decrease Java heap size (-Xmx/-Xms)
#   Decrease number of Java threads
#   Decrease Java thread stack sizes (-Xss)
#   Set larger code cache with -XX:ReservedCodeCacheSize=
#   JVM is running with Unscaled Compressed Oops mode in which the Java heap is
#     placed in the first 4GB address space. The Java Heap base address is the
#     maximum limit for the native heap growth. Please use -XX:HeapBaseMinAddress
#     to set the Java Heap base and to place the Java Heap above 4GB virtual address.
# This output file may be truncated or incomplete.
#
#  Out of Memory Error (./src/hotspot/os/windows/os_windows.cpp:3301), pid=74804, tid=74228
#
# JRE version:  (11.0.10) (build )
# Java VM: OpenJDK 64-Bit Server VM (11.0.10+0-b96-7249189, mixed mode, sharing, tiered, compressed oops, g1 gc, windows-amd64)
# No core dump will be written. Minidumps are not enabled by default on client versions of Windows
#

---------------  S U M M A R Y ------------

Command Line: 

Host: Intel(R) Core(TM) i5-9300H CPU @ 2.40GHz, 8 cores, 7G,  Windows 10 , 64 bit Build 19041 (10.0.19041.1566)
Time: Fri Feb 25 17:16:57 2022 Hora oficial do Brasil elapsed time: 0.693843 seconds (0d 0h 0m 0s)

---------------  T H R E A D  ---------------

Current thread is native thread

Stack: [0x0000006e2fc00000,0x0000006e2fd00000]
Native frames: (J=compiled Java code, j=interpreted, Vv=VM code, C=native code)
V  [jvm.dll+0x5ecfaa]
V  [jvm.dll+0x722bd5]
V  [jvm.dll+0x72412d]
V  [jvm.dll+0x7247e3]
V  [jvm.dll+0x242928]
V  [jvm.dll+0x5ea374]
V  [jvm.dll+0x5df4d5]
V  [jvm.dll+0x652f40]
V  [jvm.dll+0x653049]
V  [jvm.dll+0x6e4e36]
V  [jvm.dll+0x3c0be3]
V  [jvm.dll+0x3c2e91]
C  [jli.dll+0x5373]
C  [ucrtbase.dll+0x21bb2]
C  [KERNEL32.DLL+0x17034]
C  [ntdll.dll+0x52651]


---------------  P R O C E S S  ---------------

VM state:not at safepoint (not fully initialized)

VM Mutex/Monitor currently owned by a thread: None


[error occurred during error reporting (printing compressed oops mode), id 0xc0000005, EXCEPTION_ACCESS_VIOLATION (0xc0000005) at pc=0x00007ffcc1002577]


Dynamic libraries:
0x00007ff6999f0000 - 0x00007ff6999fa000 	D:\Programas\Android\jre\bin\java.EXE
0x00007ffd37e30000 - 0x00007ffd38025000 	C:\WINDOWS\SYSTEM32\ntdll.dll
0x00007ffd35f30000 - 0x00007ffd35fee000 	C:\WINDOWS\System32\KERNEL32.DLL
0x00007ffd35780000 - 0x00007ffd35a48000 	C:\WINDOWS\System32\KERNELBASE.dll
0x00007ffd35680000 - 0x00007ffd35780000 	C:\WINDOWS\System32\ucrtbase.dll
0x00007ffd1d6b0000 - 0x00007ffd1d6c7000 	D:\Programas\Android\jre\bin\VCRUNTIME140.dll
0x00007ffd2ab80000 - 0x00007ffd2ab99000 	D:\Programas\Android\jre\bin\jli.dll
0x00007ffd374a0000 - 0x00007ffd37640000 	C:\WINDOWS\System32\USER32.dll
0x00007ffd35a80000 - 0x00007ffd35aa2000 	C:\WINDOWS\System32\win32u.dll
0x00007ffd34930000 - 0x00007ffd34bca000 	C:\WINDOWS\WinSxS\amd64_microsoft.windows.common-controls_6595b64144ccf1df_6.0.19041.1110_none_60b5254171f9507e\COMCTL32.dll
0x00007ffd37110000 - 0x00007ffd3713b000 	C:\WINDOWS\System32\GDI32.dll
0x00007ffd36ea0000 - 0x00007ffd36f3e000 	C:\WINDOWS\System32\msvcrt.dll
0x00007ffd35c20000 - 0x00007ffd35d2b000 	C:\WINDOWS\System32\gdi32full.dll
0x00007ffd35550000 - 0x00007ffd355ed000 	C:\WINDOWS\System32\msvcp_win.dll
0x00007ffd36650000 - 0x00007ffd36680000 	C:\WINDOWS\System32\IMM32.DLL
0x00007ffcc87d0000 - 0x00007ffcc886d000 	D:\Programas\Android\jre\bin\msvcp140.dll
0x00007ffcc0900000 - 0x00007ffcc13cf000 	D:\Programas\Android\jre\bin\server\jvm.dll
0x00007ffd363f0000 - 0x00007ffd3649e000 	C:\WINDOWS\System32\ADVAPI32.dll
0x00007ffd364a0000 - 0x00007ffd3653c000 	C:\WINDOWS\System32\sechost.dll
0x00007ffd36110000 - 0x00007ffd36235000 	C:\WINDOWS\System32\RPCRT4.dll
0x00007ffd35e90000 - 0x00007ffd35e98000 	C:\WINDOWS\System32\PSAPI.DLL
0x00007ffd33060000 - 0x00007ffd3306a000 	C:\WINDOWS\SYSTEM32\VERSION.dll
0x00007ffd1bc80000 - 0x00007ffd1bca7000 	C:\WINDOWS\SYSTEM32\WINMM.dll
0x00007ffd335f0000 - 0x00007ffd335f9000 	C:\WINDOWS\SYSTEM32\WSOCK32.dll
0x00007ffd36680000 - 0x00007ffd366eb000 	C:\WINDOWS\System32\ws2_32.DLL
0x00007ffd32ff0000 - 0x00007ffd33002000 	C:\WINDOWS\SYSTEM32\kernel.appcore.dll
0x00007ffd02b40000 - 0x00007ffd02b51000 	D:\Programas\Android\jre\bin\verify.dll
0x00007ffd34f70000 - 0x00007ffd35154000 	C:\WINDOWS\SYSTEM32\DBGHELP.DLL
0x00007ffd34d20000 - 0x00007ffd34d4c000 	C:\WINDOWS\SYSTEM32\dbgcore.DLL
0x00007ffd355f0000 - 0x00007ffd35672000 	C:\WINDOWS\System32\bcryptPrimitives.dll
0x00007ffcfbef0000 - 0x00007ffcfbf19000 	D:\Programas\Android\jre\bin\java.dll
0x00007ffd17e80000 - 0x00007ffd17e8b000 	D:\Programas\Android\jre\bin\jimage.dll

dbghelp: loaded successfully - version: 4.0.5 - missing functions: none
symbol engine: initialized successfully - sym options: 0x614 - pdb path: .;D:\Programas\Android\jre\bin;C:\WINDOWS\SYSTEM32;C:\WINDOWS\WinSxS\amd64_microsoft.windows.common-controls_6595b64144ccf1df_6.0.19041.1110_none_60b5254171f9507e;D:\Programas\Android\jre\bin\server

VM Arguments:
java_command: <unknown>
java_class_path (initial): <not set>
Launcher Type: SUN_STANDARD

[Global flags]
     uint G1ConcRefinementThreads                  = 8                                         {product} {ergonomic}
    uintx GCDrainStackTargetSize                   = 64                                        {product} {ergonomic}
   size_t InitialHeapSize                          = 131439552                                 {product} {ergonomic}
   size_t MaxHeapSize                              = 2103032832                                {product} {ergonomic}
    uintx ReservedCodeCacheSize                    = 251658240                              {pd product} {ergonomic}
     bool SegmentedCodeCache                       = true                                      {product} {ergonomic}
     bool UseCompressedClassPointers               = true                                 {lp64_product} {ergonomic}
     bool UseCompressedOops                        = true                                 {lp64_product} {ergonomic}
     bool UseG1GC                                  = true                                      {product} {ergonomic}
     bool UseLargePagesIndividualAllocation        = false                                  {pd product} {ergonomic}

Logging:
Log output configuration:
 #0: stdout all=warning uptime,level,tags
 #1: stderr all=off uptime,level,tags

Environment Variables:
JAVA_HOME=C:\Program Files\Java\jdk1.8.0_111
JRE_HOME=C:\Program Files\Java\jre1.8.0_111
PATH=C:\ProgramData\Oracle\Java\javapath;C:\Windows\system32;C:\Windows;C:\Windows\System32\Wbem;C:\Windows\System32\WindowsPowerShell\v1.0\;C:\Windows\System32\OpenSSH\;C:\Program Files (x86)\NVIDIA Corporation\PhysX\Common;C:\Program Files\NVIDIA Corporation\NVIDIA NvDLISR;C:\WINDOWS\system32;C:\WINDOWS;C:\WINDOWS\System32\Wbem;C:\WINDOWS\System32\WindowsPowerShell\v1.0\;C:\WINDOWS\System32\OpenSSH\;C:\Program Files\Git\cmd;D:\android\platform-tools;C:\Users\danil\AppData\Local\Microsoft\WindowsApps;D:\Programas Atualizacao\Microsoft VS Code\bin;D:\Programas\flutter\bin;C:\Users\danil\AppData\Local\Android\sdk\tools\bin;D:\android\platform-tools;;D:\Programas\flutter\bin\mingit\cmd
USERNAME=Danyllo
OS=Windows_NT
PROCESSOR_IDENTIFIER=Intel64 Family 6 Model 158 Stepping 10, GenuineIntel



---------------  S Y S T E M  ---------------

OS: Windows 10 , 64 bit Build 19041 (10.0.19041.1566)
OS uptime: 1 days 17:23 hours

CPU:total 8 (initial active 8) 

Memory: 4k page, system-wide physical 8022M (424M free)
TotalPageFile size 20865M (AvailPageFile size 0M)
current process WorkingSet (physical memory assigned to process): 7M, peak: 7M
current process commit charge ("private bytes"): 3M, peak: 3M

vm_info: OpenJDK 64-Bit Server VM (11.0.10+0-b96-7249189) for windows-amd64 JRE (11.0.10+0-b96-7249189), built on Mar 31 2021 21:44:00 by "builder" with MS VC++ 14.0 (VS2015)

END.
