<<<<<<< HEAD
#
# There is insufficient memory for the Java Runtime Environment to continue.
# Native memory allocation (mmap) failed to map 132120576 bytes for Failed to commit area from 0x0000000082a00000 to 0x000000008a800000 of length 132120576.
# Possible reasons:
#   The system is out of physical RAM or swap space
#   The process is running with CompressedOops enabled, and the Java Heap may be blocking the growth of the native heap
# Possible solutions:
#   Reduce memory load on the system
#   Increase physical memory or swap space
#   Check if swap backing store is full
#   Decrease Java heap size (-Xmx/-Xms)
#   Decrease number of Java threads
#   Decrease Java thread stack sizes (-Xss)
#   Set larger code cache with -XX:ReservedCodeCacheSize=
# This output file may be truncated or incomplete.
#
#  Out of Memory Error (./src/hotspot/os/windows/os_windows.cpp:3301), pid=12384, tid=11104
#
# JRE version:  (11.0.10) (build )
# Java VM: OpenJDK 64-Bit Server VM (11.0.10+0-b96-7249189, mixed mode, sharing, tiered, compressed oops, g1 gc, windows-amd64)
# No core dump will be written. Minidumps are not enabled by default on client versions of Windows
#

---------------  S U M M A R Y ------------

Command Line: 

Host: Intel(R) Core(TM) i5-9300H CPU @ 2.40GHz, 8 cores, 7G,  Windows 10 , 64 bit Build 19041 (10.0.19041.1466)
Time: Mon Jan 24 17:25:25 2022 Hora Padrão de Buenos Aires elapsed time: 0.096263 seconds (0d 0h 0m 0s)

---------------  T H R E A D  ---------------

Current thread (0x0000010f6b9de000):  JavaThread "Unknown thread" [_thread_in_vm, id=11104, stack(0x00000002a1f00000,0x00000002a2000000)]

Stack: [0x00000002a1f00000,0x00000002a2000000]
Native frames: (J=compiled Java code, j=interpreted, Vv=VM code, C=native code)
V  [jvm.dll+0x5ecfaa]
V  [jvm.dll+0x722bd5]
V  [jvm.dll+0x72412d]
V  [jvm.dll+0x7247e3]
V  [jvm.dll+0x242928]
V  [jvm.dll+0x5ea374]
V  [jvm.dll+0x5df425]
V  [jvm.dll+0x2fdebb]
V  [jvm.dll+0x2fde2a]
V  [jvm.dll+0x2fdd02]
V  [jvm.dll+0x302bf6]
V  [jvm.dll+0x34b2a3]
V  [jvm.dll+0x34b9a6]
V  [jvm.dll+0x34b3a3]
V  [jvm.dll+0x2d8888]
V  [jvm.dll+0x2d9a37]
V  [jvm.dll+0x701737]
V  [jvm.dll+0x702f2c]
V  [jvm.dll+0x3587d9]
V  [jvm.dll+0x6e4fae]
V  [jvm.dll+0x3c0be3]
V  [jvm.dll+0x3c2e91]
C  [jli.dll+0x5373]
C  [ucrtbase.dll+0x21bb2]
C  [KERNEL32.DLL+0x17034]
C  [ntdll.dll+0x52651]


---------------  P R O C E S S  ---------------

Threads class SMR info:
_java_thread_list=0x0000010f6b89db80, length=0, elements={
}

Java Threads: ( => current thread )

Other Threads:
  0x0000010f6b9f4800 GCTaskThread "GC Thread#0" [stack: 0x00000002a2000000,0x00000002a2100000] [id=9580]
  0x0000010f6ba25000 ConcurrentGCThread "G1 Main Marker" [stack: 0x00000002a2100000,0x00000002a2200000] [id=17272]
  0x0000010f6ba27800 ConcurrentGCThread "G1 Conc#0" [stack: 0x00000002a2200000,0x00000002a2300000] [id=16988]

[error occurred during error reporting (printing all threads), id 0xc0000005, EXCEPTION_ACCESS_VIOLATION (0xc0000005) at pc=0x00007ffaffe69107]

VM state:not at safepoint (not fully initialized)

VM Mutex/Monitor currently owned by a thread:  ([mutex/lock_event])
[0x0000010f6b9da650] Heap_lock - owner thread: 0x0000010f6b9de000

Heap address: 0x0000000082a00000, size: 2006 MB, Compressed Oops mode: Non-zero based: 0x0000000082a00000
Narrow klass base: 0x0000000000000000, Narrow klass shift: 0

GC Heap History (0 events):
No events

Deoptimization events (0 events):
No events

Classes redefined (0 events):
No events

Internal exceptions (0 events):
No events

Events (1 events):
Event: 0.008 Loaded shared library D:\Programas\Android\jre\bin\zip.dll


Dynamic libraries:
0x00007ff6ed240000 - 0x00007ff6ed24a000 	D:\Programas\Android\jre\bin\java.EXE
0x00007ffb63a70000 - 0x00007ffb63c65000 	C:\WINDOWS\SYSTEM32\ntdll.dll
0x00007ffb62a90000 - 0x00007ffb62b4e000 	C:\WINDOWS\System32\KERNEL32.DLL
0x00007ffb61350000 - 0x00007ffb61618000 	C:\WINDOWS\System32\KERNELBASE.dll
0x00007ffb611b0000 - 0x00007ffb612b0000 	C:\WINDOWS\System32\ucrtbase.dll
0x00007ffb59870000 - 0x00007ffb59889000 	D:\Programas\Android\jre\bin\jli.dll
0x00007ffb57c50000 - 0x00007ffb57c67000 	D:\Programas\Android\jre\bin\VCRUNTIME140.dll
0x00007ffb63750000 - 0x00007ffb638f1000 	C:\WINDOWS\System32\USER32.dll
0x00007ffb61180000 - 0x00007ffb611a2000 	C:\WINDOWS\System32\win32u.dll
0x00007ffb63060000 - 0x00007ffb6308b000 	C:\WINDOWS\System32\GDI32.dll
0x00007ffb619a0000 - 0x00007ffb61aad000 	C:\WINDOWS\System32\gdi32full.dll
0x00007ffb4b580000 - 0x00007ffb4b81a000 	C:\WINDOWS\WinSxS\amd64_microsoft.windows.common-controls_6595b64144ccf1df_6.0.19041.1110_none_60b5254171f9507e\COMCTL32.dll
0x00007ffb612b0000 - 0x00007ffb6134d000 	C:\WINDOWS\System32\msvcp_win.dll
0x00007ffb62d90000 - 0x00007ffb62e2e000 	C:\WINDOWS\System32\msvcrt.dll
0x00007ffb61f70000 - 0x00007ffb61fa0000 	C:\WINDOWS\System32\IMM32.DLL
0x00007ffb19cc0000 - 0x00007ffb19d5d000 	D:\Programas\Android\jre\bin\msvcp140.dll
0x00007ffaffb80000 - 0x00007ffb0064f000 	D:\Programas\Android\jre\bin\server\jvm.dll
0x00007ffb620b0000 - 0x00007ffb6215e000 	C:\WINDOWS\System32\ADVAPI32.dll
0x00007ffb61fa0000 - 0x00007ffb6203c000 	C:\WINDOWS\System32\sechost.dll
0x00007ffb62bb0000 - 0x00007ffb62cd5000 	C:\WINDOWS\System32\RPCRT4.dll
0x00007ffb636e0000 - 0x00007ffb636e8000 	C:\WINDOWS\System32\PSAPI.DLL
0x00007ffb59860000 - 0x00007ffb59869000 	C:\WINDOWS\SYSTEM32\WSOCK32.dll
0x00007ffb62040000 - 0x00007ffb620ab000 	C:\WINDOWS\System32\WS2_32.dll
0x00007ffb47fc0000 - 0x00007ffb47fe7000 	C:\WINDOWS\SYSTEM32\WINMM.dll
0x00007ffb55180000 - 0x00007ffb5518a000 	C:\WINDOWS\SYSTEM32\VERSION.dll
0x00007ffb5fa00000 - 0x00007ffb5fa12000 	C:\WINDOWS\SYSTEM32\kernel.appcore.dll
0x00007ffb57790000 - 0x00007ffb577a1000 	D:\Programas\Android\jre\bin\verify.dll
0x00007ffb5bd90000 - 0x00007ffb5bf74000 	C:\WINDOWS\SYSTEM32\DBGHELP.DLL
0x00007ffb4f7a0000 - 0x00007ffb4f7cc000 	C:\WINDOWS\SYSTEM32\dbgcore.DLL
0x00007ffb61670000 - 0x00007ffb616f2000 	C:\WINDOWS\System32\bcryptPrimitives.dll
0x00007ffb576f0000 - 0x00007ffb57719000 	D:\Programas\Android\jre\bin\java.dll
0x00007ffb58910000 - 0x00007ffb5891b000 	D:\Programas\Android\jre\bin\jimage.dll
0x00007ffb57440000 - 0x00007ffb57458000 	D:\Programas\Android\jre\bin\zip.dll

dbghelp: loaded successfully - version: 4.0.5 - missing functions: none
symbol engine: initialized successfully - sym options: 0x614 - pdb path: .;D:\Programas\Android\jre\bin;C:\WINDOWS\SYSTEM32;C:\WINDOWS\WinSxS\amd64_microsoft.windows.common-controls_6595b64144ccf1df_6.0.19041.1110_none_60b5254171f9507e;D:\Programas\Android\jre\bin\server

VM Arguments:
java_command: <unknown>
java_class_path (initial): <not set>
Launcher Type: SUN_STANDARD

[Global flags]
     intx CICompilerCount                          = 4                                         {product} {ergonomic}
     uint ConcGCThreads                            = 2                                         {product} {ergonomic}
     uint G1ConcRefinementThreads                  = 8                                         {product} {ergonomic}
   size_t G1HeapRegionSize                         = 1048576                                   {product} {ergonomic}
    uintx GCDrainStackTargetSize                   = 64                                        {product} {ergonomic}
   size_t InitialHeapSize                          = 132120576                                 {product} {ergonomic}
   size_t MarkStackSize                            = 4194304                                   {product} {ergonomic}
   size_t MaxHeapSize                              = 2103443456                                {product} {ergonomic}
   size_t MinHeapDeltaBytes                        = 1048576                                   {product} {ergonomic}
    uintx NonNMethodCodeHeapSize                   = 5836300                                {pd product} {ergonomic}
    uintx NonProfiledCodeHeapSize                  = 122910970                              {pd product} {ergonomic}
    uintx ProfiledCodeHeapSize                     = 122910970                              {pd product} {ergonomic}
    uintx ReservedCodeCacheSize                    = 251658240                              {pd product} {ergonomic}
     bool SegmentedCodeCache                       = true                                      {product} {ergonomic}
     bool UseCompressedClassPointers               = true                                 {lp64_product} {ergonomic}
     bool UseCompressedOops                        = true                                 {lp64_product} {ergonomic}
     bool UseG1GC                                  = true                                      {product} {ergonomic}
     bool UseLargePagesIndividualAllocation        = false                                  {pd product} {ergonomic}

Logging:
Log output configuration:
 #0: stdout all=warning uptime,level,tags
 #1: stderr all=off uptime,level,tags

Environment Variables:
JAVA_HOME=D:\Programas\Java\jdk1.8.0_111
JRE_HOME=D:\Java\jre1.8.0_111
PATH=C:\ProgramData\Oracle\Java\javapath;C:\Program Files (x86)\Common Files\Oracle\Java\javapath;C:\Python39\Scripts\;C:\Python39\;D:\Programas\apache-maven-3.6.3\bin;D:\Programas\flutter\bin;C:\Windows\System32;D:\Programas\Microsoft VS Code\bin;C:\ProgramData\chocolatey\bin;C:\Windows\System32\WindowsPowerShell\v1.0;C:\Python39\Scripts;D:\Programas\adb;C:\Program Files\Java\jre1.8.0_291\bin;D:\Program Files\Git\cmd;D:\Programas\Node JS\;C:\Program Files\NVIDIA Corporation\NVIDIA NvDLISR;C:\Program Files (x86)\NVIDIA Corporation\PhysX\Common;D:\Programas\flutter\bin;D:\Downloads\sts-4.7.1.RELEASE\jre\bin\javaw.exe;D:\Programas\Microsoft VS Code\bin;C:\Program Files\Java\jre1.8.0_291\bin;C:\Users\Danyllo\AppData\Roaming\npm;C:\tools\dart-sdk\bin;C:\Users\Danyllo\AppData\Roaming\Pub\Cache\bin;;D:\Programas\flutter\bin\mingit\cmd
USERNAME=Danyllo
OS=Windows_NT
PROCESSOR_IDENTIFIER=Intel64 Family 6 Model 158 Stepping 10, GenuineIntel



---------------  S Y S T E M  ---------------

OS: Windows 10 , 64 bit Build 19041 (10.0.19041.1466)
OS uptime: 2 days 19:22 hours

CPU:total 8 (initial active 8) (4 cores per cpu, 2 threads per core) family 6 model 158 stepping 10 microcode 0xea, cmov, cx8, fxsr, mmx, sse, sse2, sse3, ssse3, sse4.1, sse4.2, popcnt, avx, avx2, aes, clmul, erms, 3dnowpref, lzcnt, ht, tsc, tscinvbit, bmi1, bmi2, adx, fma

Memory: 4k page, system-wide physical 8022M (401M free)
TotalPageFile size 20865M (AvailPageFile size 51M)
current process WorkingSet (physical memory assigned to process): 9M, peak: 9M
current process commit charge ("private bytes"): 59M, peak: 185M

vm_info: OpenJDK 64-Bit Server VM (11.0.10+0-b96-7249189) for windows-amd64 JRE (11.0.10+0-b96-7249189), built on Mar 31 2021 21:44:00 by "builder" with MS VC++ 14.0 (VS2015)

END.
=======
#
# There is insufficient memory for the Java Runtime Environment to continue.
# Native memory allocation (mmap) failed to map 132120576 bytes for Failed to commit area from 0x0000000082a00000 to 0x000000008a800000 of length 132120576.
# Possible reasons:
#   The system is out of physical RAM or swap space
#   The process is running with CompressedOops enabled, and the Java Heap may be blocking the growth of the native heap
# Possible solutions:
#   Reduce memory load on the system
#   Increase physical memory or swap space
#   Check if swap backing store is full
#   Decrease Java heap size (-Xmx/-Xms)
#   Decrease number of Java threads
#   Decrease Java thread stack sizes (-Xss)
#   Set larger code cache with -XX:ReservedCodeCacheSize=
# This output file may be truncated or incomplete.
#
#  Out of Memory Error (./src/hotspot/os/windows/os_windows.cpp:3301), pid=12384, tid=11104
#
# JRE version:  (11.0.10) (build )
# Java VM: OpenJDK 64-Bit Server VM (11.0.10+0-b96-7249189, mixed mode, sharing, tiered, compressed oops, g1 gc, windows-amd64)
# No core dump will be written. Minidumps are not enabled by default on client versions of Windows
#

---------------  S U M M A R Y ------------

Command Line: 

Host: Intel(R) Core(TM) i5-9300H CPU @ 2.40GHz, 8 cores, 7G,  Windows 10 , 64 bit Build 19041 (10.0.19041.1466)
Time: Mon Jan 24 17:25:25 2022 Hora Padrão de Buenos Aires elapsed time: 0.096263 seconds (0d 0h 0m 0s)

---------------  T H R E A D  ---------------

Current thread (0x0000010f6b9de000):  JavaThread "Unknown thread" [_thread_in_vm, id=11104, stack(0x00000002a1f00000,0x00000002a2000000)]

Stack: [0x00000002a1f00000,0x00000002a2000000]
Native frames: (J=compiled Java code, j=interpreted, Vv=VM code, C=native code)
V  [jvm.dll+0x5ecfaa]
V  [jvm.dll+0x722bd5]
V  [jvm.dll+0x72412d]
V  [jvm.dll+0x7247e3]
V  [jvm.dll+0x242928]
V  [jvm.dll+0x5ea374]
V  [jvm.dll+0x5df425]
V  [jvm.dll+0x2fdebb]
V  [jvm.dll+0x2fde2a]
V  [jvm.dll+0x2fdd02]
V  [jvm.dll+0x302bf6]
V  [jvm.dll+0x34b2a3]
V  [jvm.dll+0x34b9a6]
V  [jvm.dll+0x34b3a3]
V  [jvm.dll+0x2d8888]
V  [jvm.dll+0x2d9a37]
V  [jvm.dll+0x701737]
V  [jvm.dll+0x702f2c]
V  [jvm.dll+0x3587d9]
V  [jvm.dll+0x6e4fae]
V  [jvm.dll+0x3c0be3]
V  [jvm.dll+0x3c2e91]
C  [jli.dll+0x5373]
C  [ucrtbase.dll+0x21bb2]
C  [KERNEL32.DLL+0x17034]
C  [ntdll.dll+0x52651]


---------------  P R O C E S S  ---------------

Threads class SMR info:
_java_thread_list=0x0000010f6b89db80, length=0, elements={
}

Java Threads: ( => current thread )

Other Threads:
  0x0000010f6b9f4800 GCTaskThread "GC Thread#0" [stack: 0x00000002a2000000,0x00000002a2100000] [id=9580]
  0x0000010f6ba25000 ConcurrentGCThread "G1 Main Marker" [stack: 0x00000002a2100000,0x00000002a2200000] [id=17272]
  0x0000010f6ba27800 ConcurrentGCThread "G1 Conc#0" [stack: 0x00000002a2200000,0x00000002a2300000] [id=16988]

[error occurred during error reporting (printing all threads), id 0xc0000005, EXCEPTION_ACCESS_VIOLATION (0xc0000005) at pc=0x00007ffaffe69107]

VM state:not at safepoint (not fully initialized)

VM Mutex/Monitor currently owned by a thread:  ([mutex/lock_event])
[0x0000010f6b9da650] Heap_lock - owner thread: 0x0000010f6b9de000

Heap address: 0x0000000082a00000, size: 2006 MB, Compressed Oops mode: Non-zero based: 0x0000000082a00000
Narrow klass base: 0x0000000000000000, Narrow klass shift: 0

GC Heap History (0 events):
No events

Deoptimization events (0 events):
No events

Classes redefined (0 events):
No events

Internal exceptions (0 events):
No events

Events (1 events):
Event: 0.008 Loaded shared library D:\Programas\Android\jre\bin\zip.dll


Dynamic libraries:
0x00007ff6ed240000 - 0x00007ff6ed24a000 	D:\Programas\Android\jre\bin\java.EXE
0x00007ffb63a70000 - 0x00007ffb63c65000 	C:\WINDOWS\SYSTEM32\ntdll.dll
0x00007ffb62a90000 - 0x00007ffb62b4e000 	C:\WINDOWS\System32\KERNEL32.DLL
0x00007ffb61350000 - 0x00007ffb61618000 	C:\WINDOWS\System32\KERNELBASE.dll
0x00007ffb611b0000 - 0x00007ffb612b0000 	C:\WINDOWS\System32\ucrtbase.dll
0x00007ffb59870000 - 0x00007ffb59889000 	D:\Programas\Android\jre\bin\jli.dll
0x00007ffb57c50000 - 0x00007ffb57c67000 	D:\Programas\Android\jre\bin\VCRUNTIME140.dll
0x00007ffb63750000 - 0x00007ffb638f1000 	C:\WINDOWS\System32\USER32.dll
0x00007ffb61180000 - 0x00007ffb611a2000 	C:\WINDOWS\System32\win32u.dll
0x00007ffb63060000 - 0x00007ffb6308b000 	C:\WINDOWS\System32\GDI32.dll
0x00007ffb619a0000 - 0x00007ffb61aad000 	C:\WINDOWS\System32\gdi32full.dll
0x00007ffb4b580000 - 0x00007ffb4b81a000 	C:\WINDOWS\WinSxS\amd64_microsoft.windows.common-controls_6595b64144ccf1df_6.0.19041.1110_none_60b5254171f9507e\COMCTL32.dll
0x00007ffb612b0000 - 0x00007ffb6134d000 	C:\WINDOWS\System32\msvcp_win.dll
0x00007ffb62d90000 - 0x00007ffb62e2e000 	C:\WINDOWS\System32\msvcrt.dll
0x00007ffb61f70000 - 0x00007ffb61fa0000 	C:\WINDOWS\System32\IMM32.DLL
0x00007ffb19cc0000 - 0x00007ffb19d5d000 	D:\Programas\Android\jre\bin\msvcp140.dll
0x00007ffaffb80000 - 0x00007ffb0064f000 	D:\Programas\Android\jre\bin\server\jvm.dll
0x00007ffb620b0000 - 0x00007ffb6215e000 	C:\WINDOWS\System32\ADVAPI32.dll
0x00007ffb61fa0000 - 0x00007ffb6203c000 	C:\WINDOWS\System32\sechost.dll
0x00007ffb62bb0000 - 0x00007ffb62cd5000 	C:\WINDOWS\System32\RPCRT4.dll
0x00007ffb636e0000 - 0x00007ffb636e8000 	C:\WINDOWS\System32\PSAPI.DLL
0x00007ffb59860000 - 0x00007ffb59869000 	C:\WINDOWS\SYSTEM32\WSOCK32.dll
0x00007ffb62040000 - 0x00007ffb620ab000 	C:\WINDOWS\System32\WS2_32.dll
0x00007ffb47fc0000 - 0x00007ffb47fe7000 	C:\WINDOWS\SYSTEM32\WINMM.dll
0x00007ffb55180000 - 0x00007ffb5518a000 	C:\WINDOWS\SYSTEM32\VERSION.dll
0x00007ffb5fa00000 - 0x00007ffb5fa12000 	C:\WINDOWS\SYSTEM32\kernel.appcore.dll
0x00007ffb57790000 - 0x00007ffb577a1000 	D:\Programas\Android\jre\bin\verify.dll
0x00007ffb5bd90000 - 0x00007ffb5bf74000 	C:\WINDOWS\SYSTEM32\DBGHELP.DLL
0x00007ffb4f7a0000 - 0x00007ffb4f7cc000 	C:\WINDOWS\SYSTEM32\dbgcore.DLL
0x00007ffb61670000 - 0x00007ffb616f2000 	C:\WINDOWS\System32\bcryptPrimitives.dll
0x00007ffb576f0000 - 0x00007ffb57719000 	D:\Programas\Android\jre\bin\java.dll
0x00007ffb58910000 - 0x00007ffb5891b000 	D:\Programas\Android\jre\bin\jimage.dll
0x00007ffb57440000 - 0x00007ffb57458000 	D:\Programas\Android\jre\bin\zip.dll

dbghelp: loaded successfully - version: 4.0.5 - missing functions: none
symbol engine: initialized successfully - sym options: 0x614 - pdb path: .;D:\Programas\Android\jre\bin;C:\WINDOWS\SYSTEM32;C:\WINDOWS\WinSxS\amd64_microsoft.windows.common-controls_6595b64144ccf1df_6.0.19041.1110_none_60b5254171f9507e;D:\Programas\Android\jre\bin\server

VM Arguments:
java_command: <unknown>
java_class_path (initial): <not set>
Launcher Type: SUN_STANDARD

[Global flags]
     intx CICompilerCount                          = 4                                         {product} {ergonomic}
     uint ConcGCThreads                            = 2                                         {product} {ergonomic}
     uint G1ConcRefinementThreads                  = 8                                         {product} {ergonomic}
   size_t G1HeapRegionSize                         = 1048576                                   {product} {ergonomic}
    uintx GCDrainStackTargetSize                   = 64                                        {product} {ergonomic}
   size_t InitialHeapSize                          = 132120576                                 {product} {ergonomic}
   size_t MarkStackSize                            = 4194304                                   {product} {ergonomic}
   size_t MaxHeapSize                              = 2103443456                                {product} {ergonomic}
   size_t MinHeapDeltaBytes                        = 1048576                                   {product} {ergonomic}
    uintx NonNMethodCodeHeapSize                   = 5836300                                {pd product} {ergonomic}
    uintx NonProfiledCodeHeapSize                  = 122910970                              {pd product} {ergonomic}
    uintx ProfiledCodeHeapSize                     = 122910970                              {pd product} {ergonomic}
    uintx ReservedCodeCacheSize                    = 251658240                              {pd product} {ergonomic}
     bool SegmentedCodeCache                       = true                                      {product} {ergonomic}
     bool UseCompressedClassPointers               = true                                 {lp64_product} {ergonomic}
     bool UseCompressedOops                        = true                                 {lp64_product} {ergonomic}
     bool UseG1GC                                  = true                                      {product} {ergonomic}
     bool UseLargePagesIndividualAllocation        = false                                  {pd product} {ergonomic}

Logging:
Log output configuration:
 #0: stdout all=warning uptime,level,tags
 #1: stderr all=off uptime,level,tags

Environment Variables:
JAVA_HOME=D:\Programas\Java\jdk1.8.0_111
JRE_HOME=D:\Java\jre1.8.0_111
PATH=C:\ProgramData\Oracle\Java\javapath;C:\Program Files (x86)\Common Files\Oracle\Java\javapath;C:\Python39\Scripts\;C:\Python39\;D:\Programas\apache-maven-3.6.3\bin;D:\Programas\flutter\bin;C:\Windows\System32;D:\Programas\Microsoft VS Code\bin;C:\ProgramData\chocolatey\bin;C:\Windows\System32\WindowsPowerShell\v1.0;C:\Python39\Scripts;D:\Programas\adb;C:\Program Files\Java\jre1.8.0_291\bin;D:\Program Files\Git\cmd;D:\Programas\Node JS\;C:\Program Files\NVIDIA Corporation\NVIDIA NvDLISR;C:\Program Files (x86)\NVIDIA Corporation\PhysX\Common;D:\Programas\flutter\bin;D:\Downloads\sts-4.7.1.RELEASE\jre\bin\javaw.exe;D:\Programas\Microsoft VS Code\bin;C:\Program Files\Java\jre1.8.0_291\bin;C:\Users\Danyllo\AppData\Roaming\npm;C:\tools\dart-sdk\bin;C:\Users\Danyllo\AppData\Roaming\Pub\Cache\bin;;D:\Programas\flutter\bin\mingit\cmd
USERNAME=Danyllo
OS=Windows_NT
PROCESSOR_IDENTIFIER=Intel64 Family 6 Model 158 Stepping 10, GenuineIntel



---------------  S Y S T E M  ---------------

OS: Windows 10 , 64 bit Build 19041 (10.0.19041.1466)
OS uptime: 2 days 19:22 hours

CPU:total 8 (initial active 8) (4 cores per cpu, 2 threads per core) family 6 model 158 stepping 10 microcode 0xea, cmov, cx8, fxsr, mmx, sse, sse2, sse3, ssse3, sse4.1, sse4.2, popcnt, avx, avx2, aes, clmul, erms, 3dnowpref, lzcnt, ht, tsc, tscinvbit, bmi1, bmi2, adx, fma

Memory: 4k page, system-wide physical 8022M (401M free)
TotalPageFile size 20865M (AvailPageFile size 51M)
current process WorkingSet (physical memory assigned to process): 9M, peak: 9M
current process commit charge ("private bytes"): 59M, peak: 185M

vm_info: OpenJDK 64-Bit Server VM (11.0.10+0-b96-7249189) for windows-amd64 JRE (11.0.10+0-b96-7249189), built on Mar 31 2021 21:44:00 by "builder" with MS VC++ 14.0 (VS2015)

END.
>>>>>>> ce7b0361f10848c2f5ccac29e9acf5cdc7e37127
