<<<<<<< HEAD
#
# There is insufficient memory for the Java Runtime Environment to continue.
# Native memory allocation (mmap) failed to map 132120576 bytes for Failed to commit area from 0x0000000082a00000 to 0x000000008a800000 of length 132120576.
# Possible reasons:
#   The system is out of physical RAM or swap space
#   The process is running with CompressedOops enabled, and the Java Heap may be blocking the growth of the native heap
# Possible solutions:
#   Reduce memory load on the system
#   Increase physical memory or swap space
#   Check if swap backing store is full
#   Decrease Java heap size (-Xmx/-Xms)
#   Decrease number of Java threads
#   Decrease Java thread stack sizes (-Xss)
#   Set larger code cache with -XX:ReservedCodeCacheSize=
# This output file may be truncated or incomplete.
#
#  Out of Memory Error (./src/hotspot/os/windows/os_windows.cpp:3301), pid=12612, tid=13468
#
# JRE version:  (11.0.10) (build )
# Java VM: OpenJDK 64-Bit Server VM (11.0.10+0-b96-7249189, mixed mode, sharing, tiered, compressed oops, g1 gc, windows-amd64)
# No core dump will be written. Minidumps are not enabled by default on client versions of Windows
#

---------------  S U M M A R Y ------------

Command Line: 

Host: Intel(R) Core(TM) i5-9300H CPU @ 2.40GHz, 8 cores, 7G,  Windows 10 , 64 bit Build 19041 (10.0.19041.1348)
Time: Thu Dec 23 15:00:14 2021 Hora Padrão de Buenos Aires elapsed time: 0.045216 seconds (0d 0h 0m 0s)

---------------  T H R E A D  ---------------

Current thread (0x000001f2b3afe000):  JavaThread "Unknown thread" [_thread_in_vm, id=13468, stack(0x0000000b44800000,0x0000000b44900000)]

Stack: [0x0000000b44800000,0x0000000b44900000]
Native frames: (J=compiled Java code, j=interpreted, Vv=VM code, C=native code)
V  [jvm.dll+0x5ecfaa]
V  [jvm.dll+0x722bd5]
V  [jvm.dll+0x72412d]
V  [jvm.dll+0x7247e3]
V  [jvm.dll+0x242928]
V  [jvm.dll+0x5ea374]
V  [jvm.dll+0x5df425]
V  [jvm.dll+0x2fdebb]
V  [jvm.dll+0x2fde2a]
V  [jvm.dll+0x2fdd02]
V  [jvm.dll+0x302bf6]
V  [jvm.dll+0x34b2a3]
V  [jvm.dll+0x34b9a6]
V  [jvm.dll+0x34b3a3]
V  [jvm.dll+0x2d8888]
V  [jvm.dll+0x2d9a37]
V  [jvm.dll+0x701737]
V  [jvm.dll+0x702f2c]
V  [jvm.dll+0x3587d9]
V  [jvm.dll+0x6e4fae]
V  [jvm.dll+0x3c0be3]
V  [jvm.dll+0x3c2e91]
C  [jli.dll+0x5373]
C  [ucrtbase.dll+0x21bb2]
C  [KERNEL32.DLL+0x17034]
C  [ntdll.dll+0x52651]


---------------  P R O C E S S  ---------------

Threads class SMR info:
_java_thread_list=0x000001f2b18b4a10, length=0, elements={
}

Java Threads: ( => current thread )

Other Threads:
  0x000001f2b3b13800 GCTaskThread "GC Thread#0" [stack: 0x0000000b44900000,0x0000000b44a00000] [id=16080]
  0x000001f2b3b45800 ConcurrentGCThread "G1 Main Marker" [stack: 0x0000000b44a00000,0x0000000b44b00000] [id=13836]
  0x000001f2b3b46800 ConcurrentGCThread "G1 Conc#0" [stack: 0x0000000b44b00000,0x0000000b44c00000] [id=14696]

[error occurred during error reporting (printing all threads), id 0xc0000005, EXCEPTION_ACCESS_VIOLATION (0xc0000005) at pc=0x00007ffe7c309107]

VM state:not at safepoint (not fully initialized)

VM Mutex/Monitor currently owned by a thread:  ([mutex/lock_event])
[0x000001f2b3afa720] Heap_lock - owner thread: 0x000001f2b3afe000

Heap address: 0x0000000082a00000, size: 2006 MB, Compressed Oops mode: Non-zero based: 0x0000000082a00000
Narrow klass base: 0x0000000000000000, Narrow klass shift: 0

GC Heap History (0 events):
No events

Deoptimization events (0 events):
No events

Classes redefined (0 events):
No events

Internal exceptions (0 events):
No events

Events (1 events):
Event: 0.007 Loaded shared library D:\Programas\Android\jre\bin\zip.dll


Dynamic libraries:
0x00007ff7d03b0000 - 0x00007ff7d03ba000 	D:\Programas\Android\jre\bin\java.EXE
0x00007ffef23d0000 - 0x00007ffef25c5000 	C:\WINDOWS\SYSTEM32\ntdll.dll
0x00007ffef0fb0000 - 0x00007ffef106e000 	C:\WINDOWS\System32\KERNEL32.DLL
0x00007ffeefd80000 - 0x00007ffef0048000 	C:\WINDOWS\System32\KERNELBASE.dll
0x00007ffef0160000 - 0x00007ffef0260000 	C:\WINDOWS\System32\ucrtbase.dll
0x00007ffee49c0000 - 0x00007ffee49d7000 	D:\Programas\Android\jre\bin\VCRUNTIME140.dll
0x00007ffee50f0000 - 0x00007ffee5109000 	D:\Programas\Android\jre\bin\jli.dll
0x00007ffef20c0000 - 0x00007ffef2261000 	C:\WINDOWS\System32\USER32.dll
0x00007ffeefcb0000 - 0x00007ffeefcd2000 	C:\WINDOWS\System32\win32u.dll
0x00007ffef0ea0000 - 0x00007ffef0ecb000 	C:\WINDOWS\System32\GDI32.dll
0x00007ffef0050000 - 0x00007ffef015d000 	C:\WINDOWS\System32\gdi32full.dll
0x00007ffeefce0000 - 0x00007ffeefd7d000 	C:\WINDOWS\System32\msvcp_win.dll
0x00007ffed8390000 - 0x00007ffed862a000 	C:\WINDOWS\WinSxS\amd64_microsoft.windows.common-controls_6595b64144ccf1df_6.0.19041.1110_none_60b5254171f9507e\COMCTL32.dll
0x00007ffef0bc0000 - 0x00007ffef0c5e000 	C:\WINDOWS\System32\msvcrt.dll
0x00007ffef1cb0000 - 0x00007ffef1ce0000 	C:\WINDOWS\System32\IMM32.DLL
0x00007ffee4920000 - 0x00007ffee49bd000 	D:\Programas\Android\jre\bin\msvcp140.dll
0x00007ffe7c020000 - 0x00007ffe7caef000 	D:\Programas\Android\jre\bin\server\jvm.dll
0x00007ffef0670000 - 0x00007ffef071c000 	C:\WINDOWS\System32\ADVAPI32.dll
0x00007ffef2020000 - 0x00007ffef20bb000 	C:\WINDOWS\System32\sechost.dll
0x00007ffef1ef0000 - 0x00007ffef201a000 	C:\WINDOWS\System32\RPCRT4.dll
0x00007ffef1820000 - 0x00007ffef1828000 	C:\WINDOWS\System32\PSAPI.DLL
0x00007ffee80d0000 - 0x00007ffee80d9000 	C:\WINDOWS\SYSTEM32\WSOCK32.dll
0x00007ffed5010000 - 0x00007ffed5037000 	C:\WINDOWS\SYSTEM32\WINMM.dll
0x00007ffef2270000 - 0x00007ffef22db000 	C:\WINDOWS\System32\WS2_32.dll
0x00007ffee4d70000 - 0x00007ffee4d7a000 	C:\WINDOWS\SYSTEM32\VERSION.dll
0x00007ffeee360000 - 0x00007ffeee372000 	C:\WINDOWS\SYSTEM32\kernel.appcore.dll
0x00007ffee4890000 - 0x00007ffee48a1000 	D:\Programas\Android\jre\bin\verify.dll
0x00007ffeeb020000 - 0x00007ffeeb204000 	C:\WINDOWS\SYSTEM32\DBGHELP.DLL
0x00007ffedc130000 - 0x00007ffedc15c000 	C:\WINDOWS\SYSTEM32\dbgcore.DLL
0x00007ffeefc20000 - 0x00007ffeefca2000 	C:\WINDOWS\System32\bcryptPrimitives.dll
0x00007ffee4810000 - 0x00007ffee4839000 	D:\Programas\Android\jre\bin\java.dll
0x00007ffee6c00000 - 0x00007ffee6c0b000 	D:\Programas\Android\jre\bin\jimage.dll
0x00007ffeda670000 - 0x00007ffeda688000 	D:\Programas\Android\jre\bin\zip.dll

dbghelp: loaded successfully - version: 4.0.5 - missing functions: none
symbol engine: initialized successfully - sym options: 0x614 - pdb path: .;D:\Programas\Android\jre\bin;C:\WINDOWS\SYSTEM32;C:\WINDOWS\WinSxS\amd64_microsoft.windows.common-controls_6595b64144ccf1df_6.0.19041.1110_none_60b5254171f9507e;D:\Programas\Android\jre\bin\server

VM Arguments:
java_command: <unknown>
java_class_path (initial): <not set>
Launcher Type: SUN_STANDARD

[Global flags]
     intx CICompilerCount                          = 4                                         {product} {ergonomic}
     uint ConcGCThreads                            = 2                                         {product} {ergonomic}
     uint G1ConcRefinementThreads                  = 8                                         {product} {ergonomic}
   size_t G1HeapRegionSize                         = 1048576                                   {product} {ergonomic}
    uintx GCDrainStackTargetSize                   = 64                                        {product} {ergonomic}
   size_t InitialHeapSize                          = 132120576                                 {product} {ergonomic}
   size_t MarkStackSize                            = 4194304                                   {product} {ergonomic}
   size_t MaxHeapSize                              = 2103443456                                {product} {ergonomic}
   size_t MinHeapDeltaBytes                        = 1048576                                   {product} {ergonomic}
    uintx NonNMethodCodeHeapSize                   = 5836300                                {pd product} {ergonomic}
    uintx NonProfiledCodeHeapSize                  = 122910970                              {pd product} {ergonomic}
    uintx ProfiledCodeHeapSize                     = 122910970                              {pd product} {ergonomic}
    uintx ReservedCodeCacheSize                    = 251658240                              {pd product} {ergonomic}
     bool SegmentedCodeCache                       = true                                      {product} {ergonomic}
     bool UseCompressedClassPointers               = true                                 {lp64_product} {ergonomic}
     bool UseCompressedOops                        = true                                 {lp64_product} {ergonomic}
     bool UseG1GC                                  = true                                      {product} {ergonomic}
     bool UseLargePagesIndividualAllocation        = false                                  {pd product} {ergonomic}

Logging:
Log output configuration:
 #0: stdout all=warning uptime,level,tags
 #1: stderr all=off uptime,level,tags

Environment Variables:
JAVA_HOME=D:\Programas\Java\jdk1.8.0_111
JRE_HOME=D:\Java\jre1.8.0_111
PATH=C:\ProgramData\Oracle\Java\javapath;C:\Program Files (x86)\Common Files\Oracle\Java\javapath;C:\Python39\Scripts\;C:\Python39\;D:\Programas\apache-maven-3.6.3\bin;D:\Programas\flutter\bin;C:\Windows\System32;D:\Programas\Microsoft VS Code\bin;C:\ProgramData\chocolatey\bin;C:\Windows\System32\WindowsPowerShell\v1.0;C:\Python39\Scripts;D:\Programas\adb;C:\Program Files\Java\jre1.8.0_291\bin;D:\Program Files\Git\cmd;D:\Programas\Node JS\;C:\Program Files\NVIDIA Corporation\NVIDIA NvDLISR;D:\Programas\flutter\bin;D:\Downloads\sts-4.7.1.RELEASE\jre\bin\javaw.exe;D:\Programas\Microsoft VS Code\bin;C:\Program Files\Java\jre1.8.0_291\bin;C:\Users\Danyllo\AppData\Roaming\npm;C:\tools\dart-sdk\bin;C:\Users\Danyllo\AppData\Roaming\Pub\Cache\bin;;D:\Programas\flutter\bin\mingit\cmd
USERNAME=Danyllo
OS=Windows_NT
PROCESSOR_IDENTIFIER=Intel64 Family 6 Model 158 Stepping 10, GenuineIntel



---------------  S Y S T E M  ---------------

OS: Windows 10 , 64 bit Build 19041 (10.0.19041.1348)
OS uptime: 0 days 17:40 hours

CPU:total 8 (initial active 8) (4 cores per cpu, 2 threads per core) family 6 model 158 stepping 10 microcode 0xea, cmov, cx8, fxsr, mmx, sse, sse2, sse3, ssse3, sse4.1, sse4.2, popcnt, avx, avx2, aes, clmul, erms, 3dnowpref, lzcnt, ht, tsc, tscinvbit, bmi1, bmi2, adx, fma

Memory: 4k page, system-wide physical 8022M (519M free)
TotalPageFile size 18636M (AvailPageFile size 9M)
current process WorkingSet (physical memory assigned to process): 9M, peak: 9M
current process commit charge ("private bytes"): 59M, peak: 185M

vm_info: OpenJDK 64-Bit Server VM (11.0.10+0-b96-7249189) for windows-amd64 JRE (11.0.10+0-b96-7249189), built on Mar 31 2021 21:44:00 by "builder" with MS VC++ 14.0 (VS2015)

END.
=======
#
# There is insufficient memory for the Java Runtime Environment to continue.
# Native memory allocation (mmap) failed to map 132120576 bytes for Failed to commit area from 0x0000000082a00000 to 0x000000008a800000 of length 132120576.
# Possible reasons:
#   The system is out of physical RAM or swap space
#   The process is running with CompressedOops enabled, and the Java Heap may be blocking the growth of the native heap
# Possible solutions:
#   Reduce memory load on the system
#   Increase physical memory or swap space
#   Check if swap backing store is full
#   Decrease Java heap size (-Xmx/-Xms)
#   Decrease number of Java threads
#   Decrease Java thread stack sizes (-Xss)
#   Set larger code cache with -XX:ReservedCodeCacheSize=
# This output file may be truncated or incomplete.
#
#  Out of Memory Error (./src/hotspot/os/windows/os_windows.cpp:3301), pid=12612, tid=13468
#
# JRE version:  (11.0.10) (build )
# Java VM: OpenJDK 64-Bit Server VM (11.0.10+0-b96-7249189, mixed mode, sharing, tiered, compressed oops, g1 gc, windows-amd64)
# No core dump will be written. Minidumps are not enabled by default on client versions of Windows
#

---------------  S U M M A R Y ------------

Command Line: 

Host: Intel(R) Core(TM) i5-9300H CPU @ 2.40GHz, 8 cores, 7G,  Windows 10 , 64 bit Build 19041 (10.0.19041.1348)
Time: Thu Dec 23 15:00:14 2021 Hora Padrão de Buenos Aires elapsed time: 0.045216 seconds (0d 0h 0m 0s)

---------------  T H R E A D  ---------------

Current thread (0x000001f2b3afe000):  JavaThread "Unknown thread" [_thread_in_vm, id=13468, stack(0x0000000b44800000,0x0000000b44900000)]

Stack: [0x0000000b44800000,0x0000000b44900000]
Native frames: (J=compiled Java code, j=interpreted, Vv=VM code, C=native code)
V  [jvm.dll+0x5ecfaa]
V  [jvm.dll+0x722bd5]
V  [jvm.dll+0x72412d]
V  [jvm.dll+0x7247e3]
V  [jvm.dll+0x242928]
V  [jvm.dll+0x5ea374]
V  [jvm.dll+0x5df425]
V  [jvm.dll+0x2fdebb]
V  [jvm.dll+0x2fde2a]
V  [jvm.dll+0x2fdd02]
V  [jvm.dll+0x302bf6]
V  [jvm.dll+0x34b2a3]
V  [jvm.dll+0x34b9a6]
V  [jvm.dll+0x34b3a3]
V  [jvm.dll+0x2d8888]
V  [jvm.dll+0x2d9a37]
V  [jvm.dll+0x701737]
V  [jvm.dll+0x702f2c]
V  [jvm.dll+0x3587d9]
V  [jvm.dll+0x6e4fae]
V  [jvm.dll+0x3c0be3]
V  [jvm.dll+0x3c2e91]
C  [jli.dll+0x5373]
C  [ucrtbase.dll+0x21bb2]
C  [KERNEL32.DLL+0x17034]
C  [ntdll.dll+0x52651]


---------------  P R O C E S S  ---------------

Threads class SMR info:
_java_thread_list=0x000001f2b18b4a10, length=0, elements={
}

Java Threads: ( => current thread )

Other Threads:
  0x000001f2b3b13800 GCTaskThread "GC Thread#0" [stack: 0x0000000b44900000,0x0000000b44a00000] [id=16080]
  0x000001f2b3b45800 ConcurrentGCThread "G1 Main Marker" [stack: 0x0000000b44a00000,0x0000000b44b00000] [id=13836]
  0x000001f2b3b46800 ConcurrentGCThread "G1 Conc#0" [stack: 0x0000000b44b00000,0x0000000b44c00000] [id=14696]

[error occurred during error reporting (printing all threads), id 0xc0000005, EXCEPTION_ACCESS_VIOLATION (0xc0000005) at pc=0x00007ffe7c309107]

VM state:not at safepoint (not fully initialized)

VM Mutex/Monitor currently owned by a thread:  ([mutex/lock_event])
[0x000001f2b3afa720] Heap_lock - owner thread: 0x000001f2b3afe000

Heap address: 0x0000000082a00000, size: 2006 MB, Compressed Oops mode: Non-zero based: 0x0000000082a00000
Narrow klass base: 0x0000000000000000, Narrow klass shift: 0

GC Heap History (0 events):
No events

Deoptimization events (0 events):
No events

Classes redefined (0 events):
No events

Internal exceptions (0 events):
No events

Events (1 events):
Event: 0.007 Loaded shared library D:\Programas\Android\jre\bin\zip.dll


Dynamic libraries:
0x00007ff7d03b0000 - 0x00007ff7d03ba000 	D:\Programas\Android\jre\bin\java.EXE
0x00007ffef23d0000 - 0x00007ffef25c5000 	C:\WINDOWS\SYSTEM32\ntdll.dll
0x00007ffef0fb0000 - 0x00007ffef106e000 	C:\WINDOWS\System32\KERNEL32.DLL
0x00007ffeefd80000 - 0x00007ffef0048000 	C:\WINDOWS\System32\KERNELBASE.dll
0x00007ffef0160000 - 0x00007ffef0260000 	C:\WINDOWS\System32\ucrtbase.dll
0x00007ffee49c0000 - 0x00007ffee49d7000 	D:\Programas\Android\jre\bin\VCRUNTIME140.dll
0x00007ffee50f0000 - 0x00007ffee5109000 	D:\Programas\Android\jre\bin\jli.dll
0x00007ffef20c0000 - 0x00007ffef2261000 	C:\WINDOWS\System32\USER32.dll
0x00007ffeefcb0000 - 0x00007ffeefcd2000 	C:\WINDOWS\System32\win32u.dll
0x00007ffef0ea0000 - 0x00007ffef0ecb000 	C:\WINDOWS\System32\GDI32.dll
0x00007ffef0050000 - 0x00007ffef015d000 	C:\WINDOWS\System32\gdi32full.dll
0x00007ffeefce0000 - 0x00007ffeefd7d000 	C:\WINDOWS\System32\msvcp_win.dll
0x00007ffed8390000 - 0x00007ffed862a000 	C:\WINDOWS\WinSxS\amd64_microsoft.windows.common-controls_6595b64144ccf1df_6.0.19041.1110_none_60b5254171f9507e\COMCTL32.dll
0x00007ffef0bc0000 - 0x00007ffef0c5e000 	C:\WINDOWS\System32\msvcrt.dll
0x00007ffef1cb0000 - 0x00007ffef1ce0000 	C:\WINDOWS\System32\IMM32.DLL
0x00007ffee4920000 - 0x00007ffee49bd000 	D:\Programas\Android\jre\bin\msvcp140.dll
0x00007ffe7c020000 - 0x00007ffe7caef000 	D:\Programas\Android\jre\bin\server\jvm.dll
0x00007ffef0670000 - 0x00007ffef071c000 	C:\WINDOWS\System32\ADVAPI32.dll
0x00007ffef2020000 - 0x00007ffef20bb000 	C:\WINDOWS\System32\sechost.dll
0x00007ffef1ef0000 - 0x00007ffef201a000 	C:\WINDOWS\System32\RPCRT4.dll
0x00007ffef1820000 - 0x00007ffef1828000 	C:\WINDOWS\System32\PSAPI.DLL
0x00007ffee80d0000 - 0x00007ffee80d9000 	C:\WINDOWS\SYSTEM32\WSOCK32.dll
0x00007ffed5010000 - 0x00007ffed5037000 	C:\WINDOWS\SYSTEM32\WINMM.dll
0x00007ffef2270000 - 0x00007ffef22db000 	C:\WINDOWS\System32\WS2_32.dll
0x00007ffee4d70000 - 0x00007ffee4d7a000 	C:\WINDOWS\SYSTEM32\VERSION.dll
0x00007ffeee360000 - 0x00007ffeee372000 	C:\WINDOWS\SYSTEM32\kernel.appcore.dll
0x00007ffee4890000 - 0x00007ffee48a1000 	D:\Programas\Android\jre\bin\verify.dll
0x00007ffeeb020000 - 0x00007ffeeb204000 	C:\WINDOWS\SYSTEM32\DBGHELP.DLL
0x00007ffedc130000 - 0x00007ffedc15c000 	C:\WINDOWS\SYSTEM32\dbgcore.DLL
0x00007ffeefc20000 - 0x00007ffeefca2000 	C:\WINDOWS\System32\bcryptPrimitives.dll
0x00007ffee4810000 - 0x00007ffee4839000 	D:\Programas\Android\jre\bin\java.dll
0x00007ffee6c00000 - 0x00007ffee6c0b000 	D:\Programas\Android\jre\bin\jimage.dll
0x00007ffeda670000 - 0x00007ffeda688000 	D:\Programas\Android\jre\bin\zip.dll

dbghelp: loaded successfully - version: 4.0.5 - missing functions: none
symbol engine: initialized successfully - sym options: 0x614 - pdb path: .;D:\Programas\Android\jre\bin;C:\WINDOWS\SYSTEM32;C:\WINDOWS\WinSxS\amd64_microsoft.windows.common-controls_6595b64144ccf1df_6.0.19041.1110_none_60b5254171f9507e;D:\Programas\Android\jre\bin\server

VM Arguments:
java_command: <unknown>
java_class_path (initial): <not set>
Launcher Type: SUN_STANDARD

[Global flags]
     intx CICompilerCount                          = 4                                         {product} {ergonomic}
     uint ConcGCThreads                            = 2                                         {product} {ergonomic}
     uint G1ConcRefinementThreads                  = 8                                         {product} {ergonomic}
   size_t G1HeapRegionSize                         = 1048576                                   {product} {ergonomic}
    uintx GCDrainStackTargetSize                   = 64                                        {product} {ergonomic}
   size_t InitialHeapSize                          = 132120576                                 {product} {ergonomic}
   size_t MarkStackSize                            = 4194304                                   {product} {ergonomic}
   size_t MaxHeapSize                              = 2103443456                                {product} {ergonomic}
   size_t MinHeapDeltaBytes                        = 1048576                                   {product} {ergonomic}
    uintx NonNMethodCodeHeapSize                   = 5836300                                {pd product} {ergonomic}
    uintx NonProfiledCodeHeapSize                  = 122910970                              {pd product} {ergonomic}
    uintx ProfiledCodeHeapSize                     = 122910970                              {pd product} {ergonomic}
    uintx ReservedCodeCacheSize                    = 251658240                              {pd product} {ergonomic}
     bool SegmentedCodeCache                       = true                                      {product} {ergonomic}
     bool UseCompressedClassPointers               = true                                 {lp64_product} {ergonomic}
     bool UseCompressedOops                        = true                                 {lp64_product} {ergonomic}
     bool UseG1GC                                  = true                                      {product} {ergonomic}
     bool UseLargePagesIndividualAllocation        = false                                  {pd product} {ergonomic}

Logging:
Log output configuration:
 #0: stdout all=warning uptime,level,tags
 #1: stderr all=off uptime,level,tags

Environment Variables:
JAVA_HOME=D:\Programas\Java\jdk1.8.0_111
JRE_HOME=D:\Java\jre1.8.0_111
PATH=C:\ProgramData\Oracle\Java\javapath;C:\Program Files (x86)\Common Files\Oracle\Java\javapath;C:\Python39\Scripts\;C:\Python39\;D:\Programas\apache-maven-3.6.3\bin;D:\Programas\flutter\bin;C:\Windows\System32;D:\Programas\Microsoft VS Code\bin;C:\ProgramData\chocolatey\bin;C:\Windows\System32\WindowsPowerShell\v1.0;C:\Python39\Scripts;D:\Programas\adb;C:\Program Files\Java\jre1.8.0_291\bin;D:\Program Files\Git\cmd;D:\Programas\Node JS\;C:\Program Files\NVIDIA Corporation\NVIDIA NvDLISR;D:\Programas\flutter\bin;D:\Downloads\sts-4.7.1.RELEASE\jre\bin\javaw.exe;D:\Programas\Microsoft VS Code\bin;C:\Program Files\Java\jre1.8.0_291\bin;C:\Users\Danyllo\AppData\Roaming\npm;C:\tools\dart-sdk\bin;C:\Users\Danyllo\AppData\Roaming\Pub\Cache\bin;;D:\Programas\flutter\bin\mingit\cmd
USERNAME=Danyllo
OS=Windows_NT
PROCESSOR_IDENTIFIER=Intel64 Family 6 Model 158 Stepping 10, GenuineIntel



---------------  S Y S T E M  ---------------

OS: Windows 10 , 64 bit Build 19041 (10.0.19041.1348)
OS uptime: 0 days 17:40 hours

CPU:total 8 (initial active 8) (4 cores per cpu, 2 threads per core) family 6 model 158 stepping 10 microcode 0xea, cmov, cx8, fxsr, mmx, sse, sse2, sse3, ssse3, sse4.1, sse4.2, popcnt, avx, avx2, aes, clmul, erms, 3dnowpref, lzcnt, ht, tsc, tscinvbit, bmi1, bmi2, adx, fma

Memory: 4k page, system-wide physical 8022M (519M free)
TotalPageFile size 18636M (AvailPageFile size 9M)
current process WorkingSet (physical memory assigned to process): 9M, peak: 9M
current process commit charge ("private bytes"): 59M, peak: 185M

vm_info: OpenJDK 64-Bit Server VM (11.0.10+0-b96-7249189) for windows-amd64 JRE (11.0.10+0-b96-7249189), built on Mar 31 2021 21:44:00 by "builder" with MS VC++ 14.0 (VS2015)

END.
>>>>>>> ce7b0361f10848c2f5ccac29e9acf5cdc7e37127
