#
# There is insufficient memory for the Java Runtime Environment to continue.
# Native memory allocation (malloc) failed to allocate 1966576 bytes for Chunk::new
# Possible reasons:
#   The system is out of physical RAM or swap space
#   The process is running with CompressedOops enabled, and the Java Heap may be blocking the growth of the native heap
# Possible solutions:
#   Reduce memory load on the system
#   Increase physical memory or swap space
#   Check if swap backing store is full
#   Decrease Java heap size (-Xmx/-Xms)
#   Decrease number of Java threads
#   Decrease Java thread stack sizes (-Xss)
#   Set larger code cache with -XX:ReservedCodeCacheSize=
#   JVM is running with Unscaled Compressed Oops mode in which the Java heap is
#     placed in the first 4GB address space. The Java Heap base address is the
#     maximum limit for the native heap growth. Please use -XX:HeapBaseMinAddress
#     to set the Java Heap base and to place the Java Heap above 4GB virtual address.
# This output file may be truncated or incomplete.
#
#  Out of Memory Error (./src/hotspot/share/memory/arena.cpp:197), pid=14164, tid=10460
#
# JRE version: OpenJDK Runtime Environment (11.0.10) (build 11.0.10+0-b96-7249189)
# Java VM: OpenJDK 64-Bit Server VM (11.0.10+0-b96-7249189, mixed mode, tiered, compressed oops, g1 gc, windows-amd64)
# No core dump will be written. Minidumps are not enabled by default on client versions of Windows
#

---------------  S U M M A R Y ------------

Command Line: --add-opens=java.base/java.util=ALL-UNNAMED --add-opens=java.base/java.lang=ALL-UNNAMED --add-opens=java.base/java.lang.invoke=ALL-UNNAMED --add-opens=java.prefs/java.util.prefs=ALL-UNNAMED -Xmx1536M -Dfile.encoding=windows-1252 -Duser.country=BR -Duser.language=pt -Duser.variant org.gradle.launcher.daemon.bootstrap.GradleDaemon 5.6.2

Host: Intel(R) Core(TM) i5-9300H CPU @ 2.40GHz, 8 cores, 7G,  Windows 10 , 64 bit Build 19041 (10.0.19041.1348)
Time: Thu Dec  2 13:47:14 2021 Hora Padrão de Buenos Aires elapsed time: 10.182854 seconds (0d 0h 0m 10s)

---------------  T H R E A D  ---------------

Current thread (0x0000020ddf529800):  JavaThread "C2 CompilerThread0" daemon [_thread_in_native, id=10460, stack(0x000000fc31500000,0x000000fc31600000)]


Current CompileTask:
C2:  10182 4471       4       org.codehaus.groovy.reflection.CachedMethod::compareTo (25 bytes)

Stack: [0x000000fc31500000,0x000000fc31600000]
Native frames: (J=compiled Java code, j=interpreted, Vv=VM code, C=native code)
V  [jvm.dll+0x5ecfaa]
V  [jvm.dll+0x722bd5]
V  [jvm.dll+0x72412d]
V  [jvm.dll+0x7247e3]
V  [jvm.dll+0x242928]
V  [jvm.dll+0xbc4fc]
V  [jvm.dll+0xbca0c]
V  [jvm.dll+0x352d3b]
V  [jvm.dll+0x320ad3]
V  [jvm.dll+0x31ffca]
V  [jvm.dll+0x1fb602]
V  [jvm.dll+0x1fa7f4]
V  [jvm.dll+0x18354c]
V  [jvm.dll+0x208ee7]
V  [jvm.dll+0x207731]
V  [jvm.dll+0x6eb1cf]
V  [jvm.dll+0x6e3d45]
V  [jvm.dll+0x5ebe96]
C  [ucrtbase.dll+0x21bb2]
C  [KERNEL32.DLL+0x17034]
C  [ntdll.dll+0x52651]


---------------  P R O C E S S  ---------------

Threads class SMR info:
_java_thread_list=0x0000020de4882e60, length=36, elements={
0x0000020dc6391800, 0x0000020ddf4fe000, 0x0000020ddf4ff000, 0x0000020ddf519800,
0x0000020ddf51d000, 0x0000020ddf51e000, 0x0000020ddf529800, 0x0000020ddf531000,
0x0000020ddf532000, 0x0000020ddffe5800, 0x0000020de1670000, 0x0000020de160e800,
0x0000020de15aa800, 0x0000020de15e0800, 0x0000020de18b9800, 0x0000020de140b800,
0x0000020de140c800, 0x0000020de19e4800, 0x0000020de19ab000, 0x0000020de19c8000,
0x0000020de19cb800, 0x0000020de19ca800, 0x0000020de19c7000, 0x0000020de19c9000,
0x0000020de19c6800, 0x0000020de19cd000, 0x0000020de0ee3000, 0x0000020de0ee2000,
0x0000020de0edd000, 0x0000020de0ee3800, 0x0000020de0edf000, 0x0000020de0ede000,
0x0000020de0edf800, 0x0000020de0ee4800, 0x0000020de0ee5800, 0x0000020de0ee1800
}

Java Threads: ( => current thread )
  0x0000020dc6391800 JavaThread "main" [_thread_blocked, id=8120, stack(0x000000fc30900000,0x000000fc30a00000)]
  0x0000020ddf4fe000 JavaThread "Reference Handler" daemon [_thread_blocked, id=15988, stack(0x000000fc31000000,0x000000fc31100000)]
  0x0000020ddf4ff000 JavaThread "Finalizer" daemon [_thread_blocked, id=1216, stack(0x000000fc31100000,0x000000fc31200000)]
  0x0000020ddf519800 JavaThread "Signal Dispatcher" daemon [_thread_blocked, id=16312, stack(0x000000fc31200000,0x000000fc31300000)]
  0x0000020ddf51d000 JavaThread "Attach Listener" daemon [_thread_blocked, id=12368, stack(0x000000fc31300000,0x000000fc31400000)]
  0x0000020ddf51e000 JavaThread "Service Thread" daemon [_thread_blocked, id=2356, stack(0x000000fc31400000,0x000000fc31500000)]
=>0x0000020ddf529800 JavaThread "C2 CompilerThread0" daemon [_thread_in_native, id=10460, stack(0x000000fc31500000,0x000000fc31600000)]
  0x0000020ddf531000 JavaThread "C1 CompilerThread0" daemon [_thread_blocked, id=3492, stack(0x000000fc31600000,0x000000fc31700000)]
  0x0000020ddf532000 JavaThread "Sweeper thread" daemon [_thread_blocked, id=8604, stack(0x000000fc31700000,0x000000fc31800000)]
  0x0000020ddffe5800 JavaThread "Common-Cleaner" daemon [_thread_blocked, id=11224, stack(0x000000fc31800000,0x000000fc31900000)]
  0x0000020de1670000 JavaThread "Daemon health stats" [_thread_blocked, id=12884, stack(0x000000fc31c00000,0x000000fc31d00000)]
  0x0000020de160e800 JavaThread "Incoming local TCP Connector on port 57680" [_thread_in_native, id=16468, stack(0x000000fc31d00000,0x000000fc31e00000)]
  0x0000020de15aa800 JavaThread "Daemon periodic checks" [_thread_blocked, id=7184, stack(0x000000fc31e00000,0x000000fc31f00000)]
  0x0000020de15e0800 JavaThread "Daemon" [_thread_blocked, id=14396, stack(0x000000fc31f00000,0x000000fc32000000)]
  0x0000020de18b9800 JavaThread "Handler for socket connection from /127.0.0.1:57680 to /127.0.0.1:57681" [_thread_in_native, id=14636, stack(0x000000fc32000000,0x000000fc32100000)]
  0x0000020de140b800 JavaThread "Cancel handler" [_thread_blocked, id=14116, stack(0x000000fc32100000,0x000000fc32200000)]
  0x0000020de140c800 JavaThread "Daemon worker" [_thread_in_native, id=11788, stack(0x000000fc32200000,0x000000fc32300000)]
  0x0000020de19e4800 JavaThread "Asynchronous log dispatcher for DefaultDaemonConnection: socket connection from /127.0.0.1:57680 to /127.0.0.1:57681" [_thread_blocked, id=10204, stack(0x000000fc32300000,0x000000fc32400000)]
  0x0000020de19ab000 JavaThread "Stdin handler" [_thread_blocked, id=10528, stack(0x000000fc32400000,0x000000fc32500000)]
  0x0000020de19c8000 JavaThread "Thread-8" [_thread_blocked, id=4584, stack(0x000000fc32500000,0x000000fc32600000)]
  0x0000020de19cb800 JavaThread "Cache worker for file hash cache (C:\Users\Danyllo\.gradle\caches\5.6.2\fileHashes)" [_thread_blocked, id=6764, stack(0x000000fc32600000,0x000000fc32700000)]
  0x0000020de19ca800 JavaThread "File lock request listener" [_thread_in_native, id=12548, stack(0x000000fc32700000,0x000000fc32800000)]
  0x0000020de19c7000 JavaThread "Cache worker for journal cache (C:\Users\Danyllo\.gradle\caches\journal-1)" [_thread_blocked, id=8608, stack(0x000000fc32800000,0x000000fc32900000)]
  0x0000020de19c9000 JavaThread "Cache worker for file hash cache (D:\CRTMOBILE\CRT_Mobile_Flutter\android\.gradle\5.6.2\fileHashes)" [_thread_blocked, id=16940, stack(0x000000fc32f00000,0x000000fc33000000)]
  0x0000020de19c6800 JavaThread "Cache worker for cache directory md-supplier (C:\Users\Danyllo\.gradle\caches\5.6.2\md-supplier)" [_thread_blocked, id=13980, stack(0x000000fc33000000,0x000000fc33100000)]
  0x0000020de19cd000 JavaThread "Cache worker for cache directory md-rule (C:\Users\Danyllo\.gradle\caches\5.6.2\md-rule)" [_thread_blocked, id=3912, stack(0x000000fc33100000,0x000000fc33200000)]
  0x0000020de0ee3000 JavaThread "Cache worker for execution history cache (C:\Users\Danyllo\.gradle\caches\5.6.2\executionHistory)" [_thread_blocked, id=18404, stack(0x000000fc33200000,0x000000fc33300000)]
  0x0000020de0ee2000 JavaThread "Build operations" [_thread_blocked, id=7516, stack(0x000000fc33300000,0x000000fc33400000)]
  0x0000020de0edd000 JavaThread "Build operations Thread 2" [_thread_blocked, id=14888, stack(0x000000fc33400000,0x000000fc33500000)]
  0x0000020de0ee3800 JavaThread "Build operations Thread 3" [_thread_blocked, id=8828, stack(0x000000fc33500000,0x000000fc33600000)]
  0x0000020de0edf000 JavaThread "Build operations Thread 4" [_thread_blocked, id=15384, stack(0x000000fc33600000,0x000000fc33700000)]
  0x0000020de0ede000 JavaThread "Build operations Thread 5" [_thread_blocked, id=11892, stack(0x000000fc33700000,0x000000fc33800000)]
  0x0000020de0edf800 JavaThread "Build operations Thread 6" [_thread_blocked, id=2020, stack(0x000000fc33800000,0x000000fc33900000)]
  0x0000020de0ee4800 JavaThread "Build operations Thread 7" [_thread_blocked, id=14696, stack(0x000000fc33900000,0x000000fc33a00000)]
  0x0000020de0ee5800 JavaThread "Build operations Thread 8" [_thread_blocked, id=2996, stack(0x000000fc33a00000,0x000000fc33b00000)]
  0x0000020de0ee1800 JavaThread "Cache worker for Build Output Cleanup Cache (D:\CRTMOBILE\CRT_Mobile_Flutter\android\.gradle\buildOutputCleanup)" [_thread_blocked, id=17540, stack(0x000000fc33d00000,0x000000fc33e00000)]

Other Threads:
  0x0000020ddf4da800 VMThread "VM Thread" [stack: 0x000000fc30f00000,0x000000fc31000000] [id=6780]
  0x0000020de0003000 WatcherThread [stack: 0x000000fc31900000,0x000000fc31a00000] [id=14316]
  0x0000020dc63a8800 GCTaskThread "GC Thread#0" [stack: 0x000000fc30a00000,0x000000fc30b00000] [id=17628]
  0x0000020de06f7800 GCTaskThread "GC Thread#1" [stack: 0x000000fc31a00000,0x000000fc31b00000] [id=14848]
  0x0000020de0e57800 GCTaskThread "GC Thread#2" [stack: 0x000000fc31b00000,0x000000fc31c00000] [id=14272]
  0x0000020de1ec6000 GCTaskThread "GC Thread#3" [stack: 0x000000fc32900000,0x000000fc32a00000] [id=11316]
  0x0000020de1ec7000 GCTaskThread "GC Thread#4" [stack: 0x000000fc32a00000,0x000000fc32b00000] [id=1712]
  0x0000020de1fe9800 GCTaskThread "GC Thread#5" [stack: 0x000000fc32b00000,0x000000fc32c00000] [id=15088]
  0x0000020de1fea000 GCTaskThread "GC Thread#6" [stack: 0x000000fc32c00000,0x000000fc32d00000] [id=16708]
  0x0000020de1fea800 GCTaskThread "GC Thread#7" [stack: 0x000000fc32d00000,0x000000fc32e00000] [id=15588]
  0x0000020dc63cf800 ConcurrentGCThread "G1 Main Marker" [stack: 0x000000fc30b00000,0x000000fc30c00000] [id=15688]
  0x0000020dc63d1800 ConcurrentGCThread "G1 Conc#0" [stack: 0x000000fc30c00000,0x000000fc30d00000] [id=4556]
  0x0000020de2191000 ConcurrentGCThread "G1 Conc#1" [stack: 0x000000fc32e00000,0x000000fc32f00000] [id=3140]
  0x0000020dc6461000 ConcurrentGCThread "G1 Refine#0" [stack: 0x000000fc30d00000,0x000000fc30e00000] [id=9316]
  0x0000020de2db0000 ConcurrentGCThread "G1 Refine#1" [stack: 0x000000fc33b00000,0x000000fc33c00000] [id=4612]
  0x0000020de2db0800 ConcurrentGCThread "G1 Refine#2" [stack: 0x000000fc33c00000,0x000000fc33d00000] [id=2700]
  0x0000020dc6462000 ConcurrentGCThread "G1 Young RemSet Sampling" [stack: 0x000000fc30e00000,0x000000fc30f00000] [id=14668]

Threads with active compile tasks:
C2 CompilerThread0  10315 4471       4       org.codehaus.groovy.reflection.CachedMethod::compareTo (25 bytes)

VM state:not at safepoint (normal execution)

VM Mutex/Monitor currently owned by a thread: None

Heap address: 0x00000000a0000000, size: 1536 MB, Compressed Oops mode: 32-bit
Narrow klass base: 0x0000000000000000, Narrow klass shift: 3
Compressed class space size: 1073741824 Address: 0x0000000100000000

Heap:
 garbage-first heap   total 129024K, used 82254K [0x00000000a0000000, 0x0000000100000000)
  region size 1024K, 44 young (45056K), 6 survivors (6144K)
 Metaspace       used 53886K, capacity 55041K, committed 55296K, reserved 1099776K
  class space    used 6751K, capacity 7119K, committed 7168K, reserved 1048576K
Heap Regions: E=young(eden), S=young(survivor), O=old, HS=humongous(starts), HC=humongous(continues), CS=collection set, F=free, A=archive, TAMS=top-at-mark-start (previous, next)
|   0|0x00000000a0000000, 0x00000000a0100000, 0x00000000a0100000|100%| O|  |TAMS 0x00000000a0100000, 0x00000000a0000000| Untracked 
|   1|0x00000000a0100000, 0x00000000a0200000, 0x00000000a0200000|100%| O|  |TAMS 0x00000000a0200000, 0x00000000a0100000| Untracked 
|   2|0x00000000a0200000, 0x00000000a0300000, 0x00000000a0300000|100%| O|  |TAMS 0x00000000a0300000, 0x00000000a0200000| Untracked 
|   3|0x00000000a0300000, 0x00000000a0400000, 0x00000000a0400000|100%|HS|  |TAMS 0x00000000a0400000, 0x00000000a0300000| Complete 
|   4|0x00000000a0400000, 0x00000000a0500000, 0x00000000a0500000|100%|HC|  |TAMS 0x00000000a0500000, 0x00000000a0400000| Complete 
|   5|0x00000000a0500000, 0x00000000a0600000, 0x00000000a0600000|100%|HC|  |TAMS 0x00000000a0600000, 0x00000000a0500000| Complete 
|   6|0x00000000a0600000, 0x00000000a0700000, 0x00000000a0700000|100%| O|  |TAMS 0x00000000a0700000, 0x00000000a0600000| Untracked 
|   7|0x00000000a0700000, 0x00000000a0800000, 0x00000000a0800000|100%| O|  |TAMS 0x00000000a0800000, 0x00000000a0700000| Untracked 
|   8|0x00000000a0800000, 0x00000000a0900000, 0x00000000a0900000|100%| O|  |TAMS 0x00000000a0900000, 0x00000000a0800000| Untracked 
|   9|0x00000000a0900000, 0x00000000a0a00000, 0x00000000a0a00000|100%| O|  |TAMS 0x00000000a0a00000, 0x00000000a0900000| Untracked 
|  10|0x00000000a0a00000, 0x00000000a0b00000, 0x00000000a0b00000|100%| O|  |TAMS 0x00000000a0b00000, 0x00000000a0a00000| Untracked 
|  11|0x00000000a0b00000, 0x00000000a0c00000, 0x00000000a0c00000|100%| O|  |TAMS 0x00000000a0c00000, 0x00000000a0b00000| Untracked 
|  12|0x00000000a0c00000, 0x00000000a0d00000, 0x00000000a0d00000|100%| O|  |TAMS 0x00000000a0d00000, 0x00000000a0c00000| Untracked 
|  13|0x00000000a0d00000, 0x00000000a0e00000, 0x00000000a0e00000|100%| O|  |TAMS 0x00000000a0e00000, 0x00000000a0d00000| Untracked 
|  14|0x00000000a0e00000, 0x00000000a0f00000, 0x00000000a0f00000|100%| O|  |TAMS 0x00000000a0f00000, 0x00000000a0e00000| Untracked 
|  15|0x00000000a0f00000, 0x00000000a1000000, 0x00000000a1000000|100%| O|  |TAMS 0x00000000a0f00000, 0x00000000a0f00000| Untracked 
|  16|0x00000000a1000000, 0x00000000a1100000, 0x00000000a1100000|100%| O|  |TAMS 0x00000000a1000000, 0x00000000a1000000| Untracked 
|  17|0x00000000a1100000, 0x00000000a1200000, 0x00000000a1200000|100%| O|  |TAMS 0x00000000a1100000, 0x00000000a1100000| Untracked 
|  18|0x00000000a1200000, 0x00000000a1300000, 0x00000000a1300000|100%| O|  |TAMS 0x00000000a124b800, 0x00000000a1200000| Untracked 
|  19|0x00000000a1300000, 0x00000000a1400000, 0x00000000a1400000|100%|HS|  |TAMS 0x00000000a1300000, 0x00000000a1300000| Complete 
|  20|0x00000000a1400000, 0x00000000a1500000, 0x00000000a1500000|100%|HC|  |TAMS 0x00000000a1400000, 0x00000000a1400000| Complete 
|  21|0x00000000a1500000, 0x00000000a1600000, 0x00000000a1600000|100%|HC|  |TAMS 0x00000000a1500000, 0x00000000a1500000| Complete 
|  22|0x00000000a1600000, 0x00000000a1700000, 0x00000000a1700000|100%|HS|  |TAMS 0x00000000a1600000, 0x00000000a1600000| Complete 
|  23|0x00000000a1700000, 0x00000000a1800000, 0x00000000a1800000|100%|HC|  |TAMS 0x00000000a1700000, 0x00000000a1700000| Complete 
|  24|0x00000000a1800000, 0x00000000a1900000, 0x00000000a1900000|100%| O|  |TAMS 0x00000000a1800000, 0x00000000a1800000| Untracked 
|  25|0x00000000a1900000, 0x00000000a1a00000, 0x00000000a1a00000|100%| O|  |TAMS 0x00000000a1900000, 0x00000000a1900000| Untracked 
|  26|0x00000000a1a00000, 0x00000000a1b00000, 0x00000000a1b00000|100%| O|  |TAMS 0x00000000a1a00000, 0x00000000a1a00000| Untracked 
|  27|0x00000000a1b00000, 0x00000000a1c00000, 0x00000000a1c00000|100%| O|  |TAMS 0x00000000a1b00000, 0x00000000a1b00000| Untracked 
|  28|0x00000000a1c00000, 0x00000000a1d00000, 0x00000000a1d00000|100%| O|  |TAMS 0x00000000a1c00000, 0x00000000a1c00000| Untracked 
|  29|0x00000000a1d00000, 0x00000000a1e00000, 0x00000000a1e00000|100%| O|  |TAMS 0x00000000a1d00000, 0x00000000a1d00000| Untracked 
|  30|0x00000000a1e00000, 0x00000000a1f00000, 0x00000000a1f00000|100%| O|  |TAMS 0x00000000a1e00000, 0x00000000a1e00000| Untracked 
|  31|0x00000000a1f00000, 0x00000000a2000000, 0x00000000a2000000|100%| O|  |TAMS 0x00000000a1f00000, 0x00000000a1f00000| Untracked 
|  32|0x00000000a2000000, 0x00000000a2100000, 0x00000000a2100000|100%| O|  |TAMS 0x00000000a2000000, 0x00000000a2000000| Untracked 
|  33|0x00000000a2100000, 0x00000000a2200000, 0x00000000a2200000|100%| O|  |TAMS 0x00000000a2100000, 0x00000000a2100000| Untracked 
|  34|0x00000000a2200000, 0x00000000a2300000, 0x00000000a2300000|100%| O|  |TAMS 0x00000000a2200000, 0x00000000a2200000| Untracked 
|  35|0x00000000a2300000, 0x00000000a2400000, 0x00000000a2400000|100%| O|  |TAMS 0x00000000a2300000, 0x00000000a2300000| Untracked 
|  36|0x00000000a2400000, 0x00000000a2500000, 0x00000000a2500000|100%| O|  |TAMS 0x00000000a2400000, 0x00000000a2400000| Untracked 
|  37|0x00000000a2500000, 0x00000000a25cb000, 0x00000000a2600000| 79%| O|  |TAMS 0x00000000a2500000, 0x00000000a2500000| Untracked 
|  38|0x00000000a2600000, 0x00000000a2700000, 0x00000000a2700000|100%|HS|  |TAMS 0x00000000a2600000, 0x00000000a2600000| Complete 
|  39|0x00000000a2700000, 0x00000000a2700000, 0x00000000a2800000|  0%| F|  |TAMS 0x00000000a2700000, 0x00000000a2700000| Untracked 
|  40|0x00000000a2800000, 0x00000000a2800000, 0x00000000a2900000|  0%| F|  |TAMS 0x00000000a2800000, 0x00000000a2800000| Untracked 
|  41|0x00000000a2900000, 0x00000000a2900000, 0x00000000a2a00000|  0%| F|  |TAMS 0x00000000a2900000, 0x00000000a2900000| Untracked 
|  42|0x00000000a2a00000, 0x00000000a2a00000, 0x00000000a2b00000|  0%| F|  |TAMS 0x00000000a2a00000, 0x00000000a2a00000| Untracked 
|  43|0x00000000a2b00000, 0x00000000a2b00000, 0x00000000a2c00000|  0%| F|  |TAMS 0x00000000a2b00000, 0x00000000a2b00000| Untracked 
|  44|0x00000000a2c00000, 0x00000000a2c00000, 0x00000000a2d00000|  0%| F|  |TAMS 0x00000000a2c00000, 0x00000000a2c00000| Untracked 
|  45|0x00000000a2d00000, 0x00000000a2d00000, 0x00000000a2e00000|  0%| F|  |TAMS 0x00000000a2d00000, 0x00000000a2d00000| Untracked 
|  46|0x00000000a2e00000, 0x00000000a2e00000, 0x00000000a2f00000|  0%| F|  |TAMS 0x00000000a2e00000, 0x00000000a2e00000| Untracked 
|  47|0x00000000a2f00000, 0x00000000a2f00000, 0x00000000a3000000|  0%| F|  |TAMS 0x00000000a2f00000, 0x00000000a2f00000| Untracked 
|  48|0x00000000a3000000, 0x00000000a3000000, 0x00000000a3100000|  0%| F|  |TAMS 0x00000000a3000000, 0x00000000a3000000| Untracked 
|  49|0x00000000a3100000, 0x00000000a3100000, 0x00000000a3200000|  0%| F|  |TAMS 0x00000000a3100000, 0x00000000a3100000| Untracked 
|  50|0x00000000a3200000, 0x00000000a3200000, 0x00000000a3300000|  0%| F|  |TAMS 0x00000000a3200000, 0x00000000a3200000| Untracked 
|  51|0x00000000a3300000, 0x00000000a3300000, 0x00000000a3400000|  0%| F|  |TAMS 0x00000000a3300000, 0x00000000a3300000| Untracked 
|  52|0x00000000a3400000, 0x00000000a3400000, 0x00000000a3500000|  0%| F|  |TAMS 0x00000000a3400000, 0x00000000a3400000| Untracked 
|  53|0x00000000a3500000, 0x00000000a3500000, 0x00000000a3600000|  0%| F|  |TAMS 0x00000000a3500000, 0x00000000a3500000| Untracked 
|  54|0x00000000a3600000, 0x00000000a3600000, 0x00000000a3700000|  0%| F|  |TAMS 0x00000000a3600000, 0x00000000a3600000| Untracked 
|  55|0x00000000a3700000, 0x00000000a3700000, 0x00000000a3800000|  0%| F|  |TAMS 0x00000000a3700000, 0x00000000a3700000| Untracked 
|  56|0x00000000a3800000, 0x00000000a3800000, 0x00000000a3900000|  0%| F|  |TAMS 0x00000000a3800000, 0x00000000a3800000| Untracked 
|  57|0x00000000a3900000, 0x00000000a3900000, 0x00000000a3a00000|  0%| F|  |TAMS 0x00000000a3900000, 0x00000000a3900000| Untracked 
|  58|0x00000000a3a00000, 0x00000000a3a00000, 0x00000000a3b00000|  0%| F|  |TAMS 0x00000000a3a00000, 0x00000000a3a00000| Untracked 
|  59|0x00000000a3b00000, 0x00000000a3b00000, 0x00000000a3c00000|  0%| F|  |TAMS 0x00000000a3b00000, 0x00000000a3b00000| Untracked 
|  60|0x00000000a3c00000, 0x00000000a3c00000, 0x00000000a3d00000|  0%| F|  |TAMS 0x00000000a3c00000, 0x00000000a3c00000| Untracked 
|  61|0x00000000a3d00000, 0x00000000a3d00000, 0x00000000a3e00000|  0%| F|  |TAMS 0x00000000a3d00000, 0x00000000a3d00000| Untracked 
|  62|0x00000000a3e00000, 0x00000000a3e00000, 0x00000000a3f00000|  0%| F|  |TAMS 0x00000000a3e00000, 0x00000000a3e00000| Untracked 
|  63|0x00000000a3f00000, 0x00000000a3f00000, 0x00000000a4000000|  0%| F|  |TAMS 0x00000000a3f00000, 0x00000000a3f00000| Untracked 
|  64|0x00000000a4000000, 0x00000000a4000000, 0x00000000a4100000|  0%| F|  |TAMS 0x00000000a4000000, 0x00000000a4000000| Untracked 
|  65|0x00000000a4100000, 0x00000000a4100000, 0x00000000a4200000|  0%| F|  |TAMS 0x00000000a4100000, 0x00000000a4100000| Untracked 
|  66|0x00000000a4200000, 0x00000000a4200000, 0x00000000a4300000|  0%| F|  |TAMS 0x00000000a4200000, 0x00000000a4200000| Untracked 
|  67|0x00000000a4300000, 0x00000000a4300000, 0x00000000a4400000|  0%| F|  |TAMS 0x00000000a4300000, 0x00000000a4300000| Untracked 
|  68|0x00000000a4400000, 0x00000000a4400000, 0x00000000a4500000|  0%| F|  |TAMS 0x00000000a4400000, 0x00000000a4400000| Untracked 
|  69|0x00000000a4500000, 0x00000000a4588888, 0x00000000a4600000| 53%| S|CS|TAMS 0x00000000a4500000, 0x00000000a4500000| Complete 
|  70|0x00000000a4600000, 0x00000000a4600000, 0x00000000a4700000|  0%| F|  |TAMS 0x00000000a4600000, 0x00000000a4600000| Untracked 
|  71|0x00000000a4700000, 0x00000000a4700000, 0x00000000a4800000|  0%| F|  |TAMS 0x00000000a4700000, 0x00000000a4700000| Untracked 
|  72|0x00000000a4800000, 0x00000000a4800000, 0x00000000a4900000|  0%| F|  |TAMS 0x00000000a4800000, 0x00000000a4800000| Untracked 
|  73|0x00000000a4900000, 0x00000000a4900000, 0x00000000a4a00000|  0%| F|  |TAMS 0x00000000a4900000, 0x00000000a4900000| Untracked 
|  74|0x00000000a4a00000, 0x00000000a4b00000, 0x00000000a4b00000|100%| S|CS|TAMS 0x00000000a4a00000, 0x00000000a4a00000| Complete 
|  75|0x00000000a4b00000, 0x00000000a4c00000, 0x00000000a4c00000|100%| S|CS|TAMS 0x00000000a4b00000, 0x00000000a4b00000| Complete 
|  76|0x00000000a4c00000, 0x00000000a4d00000, 0x00000000a4d00000|100%| S|CS|TAMS 0x00000000a4c00000, 0x00000000a4c00000| Complete 
|  77|0x00000000a4d00000, 0x00000000a4e00000, 0x00000000a4e00000|100%| S|CS|TAMS 0x00000000a4d00000, 0x00000000a4d00000| Complete 
|  78|0x00000000a4e00000, 0x00000000a4f00000, 0x00000000a4f00000|100%| S|CS|TAMS 0x00000000a4e00000, 0x00000000a4e00000| Complete 
|  79|0x00000000a4f00000, 0x00000000a4f00000, 0x00000000a5000000|  0%| F|  |TAMS 0x00000000a4f00000, 0x00000000a4f00000| Untracked 
|  80|0x00000000a5000000, 0x00000000a5000000, 0x00000000a5100000|  0%| F|  |TAMS 0x00000000a5000000, 0x00000000a5000000| Untracked 
|  81|0x00000000a5100000, 0x00000000a5100000, 0x00000000a5200000|  0%| F|  |TAMS 0x00000000a5100000, 0x00000000a5100000| Untracked 
|  82|0x00000000a5200000, 0x00000000a5200000, 0x00000000a5300000|  0%| F|  |TAMS 0x00000000a5200000, 0x00000000a5200000| Untracked 
|  83|0x00000000a5300000, 0x00000000a5300000, 0x00000000a5400000|  0%| F|  |TAMS 0x00000000a5300000, 0x00000000a5300000| Untracked 
|  84|0x00000000a5400000, 0x00000000a5400000, 0x00000000a5500000|  0%| F|  |TAMS 0x00000000a5400000, 0x00000000a5400000| Untracked 
|  85|0x00000000a5500000, 0x00000000a5500000, 0x00000000a5600000|  0%| F|  |TAMS 0x00000000a5500000, 0x00000000a5500000| Untracked 
|  86|0x00000000a5600000, 0x00000000a5600000, 0x00000000a5700000|  0%| F|  |TAMS 0x00000000a5600000, 0x00000000a5600000| Untracked 
|  87|0x00000000a5700000, 0x00000000a5780800, 0x00000000a5800000| 50%| E|  |TAMS 0x00000000a5700000, 0x00000000a5700000| Complete 
|  88|0x00000000a5800000, 0x00000000a5900000, 0x00000000a5900000|100%| E|CS|TAMS 0x00000000a5800000, 0x00000000a5800000| Complete 
|  89|0x00000000a5900000, 0x00000000a5a00000, 0x00000000a5a00000|100%| E|CS|TAMS 0x00000000a5900000, 0x00000000a5900000| Complete 
|  90|0x00000000a5a00000, 0x00000000a5b00000, 0x00000000a5b00000|100%| E|CS|TAMS 0x00000000a5a00000, 0x00000000a5a00000| Complete 
|  91|0x00000000a5b00000, 0x00000000a5c00000, 0x00000000a5c00000|100%| E|CS|TAMS 0x00000000a5b00000, 0x00000000a5b00000| Complete 
|  92|0x00000000a5c00000, 0x00000000a5d00000, 0x00000000a5d00000|100%| E|CS|TAMS 0x00000000a5c00000, 0x00000000a5c00000| Complete 
|  93|0x00000000a5d00000, 0x00000000a5e00000, 0x00000000a5e00000|100%| E|CS|TAMS 0x00000000a5d00000, 0x00000000a5d00000| Complete 
|  94|0x00000000a5e00000, 0x00000000a5f00000, 0x00000000a5f00000|100%| E|CS|TAMS 0x00000000a5e00000, 0x00000000a5e00000| Complete 
|  95|0x00000000a5f00000, 0x00000000a6000000, 0x00000000a6000000|100%| E|CS|TAMS 0x00000000a5f00000, 0x00000000a5f00000| Complete 
|  96|0x00000000a6000000, 0x00000000a6100000, 0x00000000a6100000|100%| E|CS|TAMS 0x00000000a6000000, 0x00000000a6000000| Complete 
|  97|0x00000000a6100000, 0x00000000a6200000, 0x00000000a6200000|100%| E|CS|TAMS 0x00000000a6100000, 0x00000000a6100000| Complete 
|  98|0x00000000a6200000, 0x00000000a6300000, 0x00000000a6300000|100%| E|CS|TAMS 0x00000000a6200000, 0x00000000a6200000| Complete 
|  99|0x00000000a6300000, 0x00000000a6400000, 0x00000000a6400000|100%| E|CS|TAMS 0x00000000a6300000, 0x00000000a6300000| Complete 
| 100|0x00000000a6400000, 0x00000000a6500000, 0x00000000a6500000|100%| E|CS|TAMS 0x00000000a6400000, 0x00000000a6400000| Complete 
| 101|0x00000000a6500000, 0x00000000a6600000, 0x00000000a6600000|100%| E|CS|TAMS 0x00000000a6500000, 0x00000000a6500000| Complete 
| 102|0x00000000a6600000, 0x00000000a6700000, 0x00000000a6700000|100%| E|CS|TAMS 0x00000000a6600000, 0x00000000a6600000| Complete 
| 103|0x00000000a6700000, 0x00000000a6800000, 0x00000000a6800000|100%| E|CS|TAMS 0x00000000a6700000, 0x00000000a6700000| Complete 
| 104|0x00000000a6800000, 0x00000000a6900000, 0x00000000a6900000|100%| E|CS|TAMS 0x00000000a6800000, 0x00000000a6800000| Complete 
| 105|0x00000000a6900000, 0x00000000a6a00000, 0x00000000a6a00000|100%| E|CS|TAMS 0x00000000a6900000, 0x00000000a6900000| Complete 
| 106|0x00000000a6a00000, 0x00000000a6b00000, 0x00000000a6b00000|100%| E|  |TAMS 0x00000000a6a00000, 0x00000000a6a00000| Complete 
| 107|0x00000000a6b00000, 0x00000000a6c00000, 0x00000000a6c00000|100%| E|CS|TAMS 0x00000000a6b00000, 0x00000000a6b00000| Complete 
| 108|0x00000000a6c00000, 0x00000000a6d00000, 0x00000000a6d00000|100%| E|CS|TAMS 0x00000000a6c00000, 0x00000000a6c00000| Complete 
| 109|0x00000000a6d00000, 0x00000000a6e00000, 0x00000000a6e00000|100%| E|CS|TAMS 0x00000000a6d00000, 0x00000000a6d00000| Complete 
| 110|0x00000000a6e00000, 0x00000000a6f00000, 0x00000000a6f00000|100%| E|CS|TAMS 0x00000000a6e00000, 0x00000000a6e00000| Complete 
| 111|0x00000000a6f00000, 0x00000000a7000000, 0x00000000a7000000|100%| E|CS|TAMS 0x00000000a6f00000, 0x00000000a6f00000| Complete 
| 112|0x00000000a7000000, 0x00000000a7100000, 0x00000000a7100000|100%| E|CS|TAMS 0x00000000a7000000, 0x00000000a7000000| Complete 
| 113|0x00000000a7100000, 0x00000000a7200000, 0x00000000a7200000|100%| E|CS|TAMS 0x00000000a7100000, 0x00000000a7100000| Complete 
| 114|0x00000000a7200000, 0x00000000a7300000, 0x00000000a7300000|100%| E|CS|TAMS 0x00000000a7200000, 0x00000000a7200000| Complete 
| 115|0x00000000a7300000, 0x00000000a7400000, 0x00000000a7400000|100%| E|CS|TAMS 0x00000000a7300000, 0x00000000a7300000| Complete 
| 116|0x00000000a7400000, 0x00000000a7500000, 0x00000000a7500000|100%| E|CS|TAMS 0x00000000a7400000, 0x00000000a7400000| Complete 
| 117|0x00000000a7500000, 0x00000000a7600000, 0x00000000a7600000|100%| E|CS|TAMS 0x00000000a7500000, 0x00000000a7500000| Complete 
| 118|0x00000000a7600000, 0x00000000a7700000, 0x00000000a7700000|100%| E|CS|TAMS 0x00000000a7600000, 0x00000000a7600000| Complete 
| 119|0x00000000a7700000, 0x00000000a7800000, 0x00000000a7800000|100%| E|CS|TAMS 0x00000000a7700000, 0x00000000a7700000| Complete 
| 120|0x00000000a7800000, 0x00000000a7900000, 0x00000000a7900000|100%| E|CS|TAMS 0x00000000a7800000, 0x00000000a7800000| Complete 
| 121|0x00000000a7900000, 0x00000000a7a00000, 0x00000000a7a00000|100%| E|CS|TAMS 0x00000000a7900000, 0x00000000a7900000| Complete 
| 122|0x00000000a7a00000, 0x00000000a7b00000, 0x00000000a7b00000|100%| E|CS|TAMS 0x00000000a7a00000, 0x00000000a7a00000| Complete 
| 123|0x00000000a7b00000, 0x00000000a7c00000, 0x00000000a7c00000|100%| E|CS|TAMS 0x00000000a7b00000, 0x00000000a7b00000| Complete 
| 124|0x00000000a7c00000, 0x00000000a7d00000, 0x00000000a7d00000|100%| E|CS|TAMS 0x00000000a7c00000, 0x00000000a7c00000| Complete 
| 125|0x00000000a7d00000, 0x00000000a7e00000, 0x00000000a7e00000|100%| E|CS|TAMS 0x00000000a7d00000, 0x00000000a7d00000| Complete 

Card table byte_map: [0x0000020dd94b0000,0x0000020dd97b0000] _byte_map_base: 0x0000020dd8fb0000

Marking Bits (Prev, Next): (CMBitMap*) 0x0000020dc63c77a8, (CMBitMap*) 0x0000020dc63c77e0
 Prev Bits: [0x0000020dd9ab0000, 0x0000020ddb2b0000)
 Next Bits: [0x0000020ddb2b0000, 0x0000020ddcab0000)

Polling page: 0x0000020dc5b70000

Metaspace:

Usage:
  Non-class:     46.80 MB capacity,    46.05 MB ( 98%) used,   676.32 KB (  1%) free+waste,    88.50 KB ( <1%) overhead. 
      Class:      6.95 MB capacity,     6.60 MB ( 95%) used,   323.92 KB (  5%) free+waste,    40.00 KB ( <1%) overhead. 
       Both:     53.75 MB capacity,    52.65 MB ( 98%) used,  1000.24 KB (  2%) free+waste,   128.50 KB ( <1%) overhead. 

Virtual space:
  Non-class space:       50.00 MB reserved,      47.00 MB ( 94%) committed 
      Class space:        1.00 GB reserved,       7.00 MB ( <1%) committed 
             Both:        1.05 GB reserved,      54.00 MB (  5%) committed 

Chunk freelists:
   Non-Class:  14.00 KB
       Class:  17.00 KB
        Both:  31.00 KB

MaxMetaspaceSize: 17179869184.00 GB
CompressedClassSpaceSize: 1.00 GB

CodeHeap 'non-profiled nmethods': size=120000Kb used=2254Kb max_used=2254Kb free=117745Kb
 bounds [0x0000020dd1950000, 0x0000020dd1bc0000, 0x0000020dd8e80000]
CodeHeap 'profiled nmethods': size=120000Kb used=9921Kb max_used=9921Kb free=110078Kb
 bounds [0x0000020dca420000, 0x0000020dcade0000, 0x0000020dd1950000]
CodeHeap 'non-nmethods': size=5760Kb used=2239Kb max_used=2275Kb free=3520Kb
 bounds [0x0000020dc9e80000, 0x0000020dca0f0000, 0x0000020dca420000]
 total_blobs=5490 nmethods=4671 adapters=730
 compilation: enabled
              stopped_count=0, restarted_count=0
 full_count=0

Compilation events (20 events):
Event: 10.074 Thread 0x0000020ddf531000 4570       3       kotlin.collections.ArraysKt___ArraysJvmKt::asList (17 bytes)
Event: 10.075 Thread 0x0000020ddf531000 nmethod 4570 0x0000020dcad7f390 code [0x0000020dcad7f5c0, 0x0000020dcad7fc08]
Event: 10.075 Thread 0x0000020ddf531000 4571       3       kotlin.collections.ArraysUtilJVM::asList (5 bytes)
Event: 10.075 Thread 0x0000020ddf531000 nmethod 4571 0x0000020dcad7fe90 code [0x0000020dcad80080, 0x0000020dcad80548]
Event: 10.075 Thread 0x0000020ddf531000 4572       3       java.util.Arrays$ArrayList::get (7 bytes)
Event: 10.075 Thread 0x0000020ddf531000 nmethod 4572 0x0000020dcad80710 code [0x0000020dcad808c0, 0x0000020dcad809f8]
Event: 10.075 Thread 0x0000020ddf531000 4573       3       kotlin.text.StringsKt__StringsJVMKt::replace$default (17 bytes)
Event: 10.075 Thread 0x0000020ddf531000 nmethod 4573 0x0000020dcad80b10 code [0x0000020dcad80cc0, 0x0000020dcad80e08]
Event: 10.075 Thread 0x0000020ddf531000 4574       3       kotlin.text.StringsKt__StringsJVMKt::replace (65 bytes)
Event: 10.075 Thread 0x0000020ddf531000 nmethod 4574 0x0000020dcad80f10 code [0x0000020dcad81140, 0x0000020dcad817e8]
Event: 10.075 Thread 0x0000020ddf531000 4575       3       kotlin.text.StringsKt__StringsKt::splitToSequence$default (26 bytes)
Event: 10.076 Thread 0x0000020ddf531000 nmethod 4575 0x0000020dcad81a90 code [0x0000020dcad81c40, 0x0000020dcad81dc8]
Event: 10.077 Thread 0x0000020ddf531000 4578       2       kotlin.jvm.internal.Intrinsics::areEqual (22 bytes)
Event: 10.077 Thread 0x0000020ddf531000 nmethod 4578 0x0000020dcad81e90 code [0x0000020dcad82040, 0x0000020dcad82168]
Event: 10.081 Thread 0x0000020ddf531000 4579       1       com.android.tools.build.jetifier.core.pom.PomDependency::getGroupId (5 bytes)
Event: 10.081 Thread 0x0000020ddf531000 nmethod 4579 0x0000020dd1b80a90 code [0x0000020dd1b80c40, 0x0000020dd1b80cf8]
Event: 10.081 Thread 0x0000020ddf531000 4580       1       com.android.tools.build.jetifier.core.pom.PomDependency::getArtifactId (5 bytes)
Event: 10.081 Thread 0x0000020ddf531000 nmethod 4580 0x0000020dd1b80d90 code [0x0000020dd1b80f40, 0x0000020dd1b80ff8]
Event: 10.081 Thread 0x0000020ddf531000 4581       1       com.android.tools.build.jetifier.core.pom.PomDependency::getVersion (5 bytes)
Event: 10.081 Thread 0x0000020ddf531000 nmethod 4581 0x0000020dd1b81090 code [0x0000020dd1b81240, 0x0000020dd1b812f8]

GC Heap History (16 events):
Event: 0.739 GC heap before
{Heap before GC invocations=0 (full 0):
 garbage-first heap   total 129024K, used 29696K [0x00000000a0000000, 0x0000000100000000)
  region size 1024K, 24 young (24576K), 0 survivors (0K)
 Metaspace       used 10775K, capacity 11051K, committed 11264K, reserved 1058816K
  class space    used 1136K, capacity 1194K, committed 1280K, reserved 1048576K
}
Event: 0.745 GC heap after
{Heap after GC invocations=1 (full 0):
 garbage-first heap   total 129024K, used 8190K [0x00000000a0000000, 0x0000000100000000)
  region size 1024K, 3 young (3072K), 3 survivors (3072K)
 Metaspace       used 10775K, capacity 11051K, committed 11264K, reserved 1058816K
  class space    used 1136K, capacity 1194K, committed 1280K, reserved 1048576K
}
Event: 2.422 GC heap before
{Heap before GC invocations=1 (full 0):
 garbage-first heap   total 129024K, used 80894K [0x00000000a0000000, 0x0000000100000000)
  region size 1024K, 75 young (76800K), 3 survivors (3072K)
 Metaspace       used 19541K, capacity 19925K, committed 19968K, reserved 1067008K
  class space    used 2423K, capacity 2523K, committed 2560K, reserved 1048576K
}
Event: 2.428 GC heap after
{Heap after GC invocations=2 (full 0):
 garbage-first heap   total 129024K, used 15460K [0x00000000a0000000, 0x0000000100000000)
  region size 1024K, 10 young (10240K), 10 survivors (10240K)
 Metaspace       used 19541K, capacity 19925K, committed 19968K, reserved 1067008K
  class space    used 2423K, capacity 2523K, committed 2560K, reserved 1048576K
}
Event: 2.620 GC heap before
{Heap before GC invocations=2 (full 0):
 garbage-first heap   total 129024K, used 23652K [0x00000000a0000000, 0x0000000100000000)
  region size 1024K, 19 young (19456K), 10 survivors (10240K)
 Metaspace       used 20764K, capacity 21175K, committed 21248K, reserved 1067008K
  class space    used 2615K, capacity 2795K, committed 2816K, reserved 1048576K
}
Event: 2.642 GC heap after
{Heap after GC invocations=3 (full 0):
 garbage-first heap   total 129024K, used 16043K [0x00000000a0000000, 0x0000000100000000)
  region size 1024K, 1 young (1024K), 1 survivors (1024K)
 Metaspace       used 20764K, capacity 21175K, committed 21248K, reserved 1067008K
  class space    used 2615K, capacity 2795K, committed 2816K, reserved 1048576K
}
Event: 4.494 GC heap before
{Heap before GC invocations=4 (full 0):
 garbage-first heap   total 129024K, used 61099K [0x00000000a0000000, 0x0000000100000000)
  region size 1024K, 45 young (46080K), 1 survivors (1024K)
 Metaspace       used 29860K, capacity 30410K, committed 30720K, reserved 1075200K
  class space    used 3780K, capacity 3975K, committed 4096K, reserved 1048576K
}
Event: 4.499 GC heap after
{Heap after GC invocations=5 (full 0):
 garbage-first heap   total 129024K, used 19035K [0x00000000a0000000, 0x0000000100000000)
  region size 1024K, 4 young (4096K), 4 survivors (4096K)
 Metaspace       used 29860K, capacity 30410K, committed 30720K, reserved 1075200K
  class space    used 3780K, capacity 3975K, committed 4096K, reserved 1048576K
}
Event: 5.278 GC heap before
{Heap before GC invocations=5 (full 0):
 garbage-first heap   total 129024K, used 64091K [0x00000000a0000000, 0x0000000100000000)
  region size 1024K, 47 young (48128K), 4 survivors (4096K)
 Metaspace       used 35271K, capacity 35767K, committed 35840K, reserved 1081344K
  class space    used 4387K, capacity 4584K, committed 4608K, reserved 1048576K
}
Event: 5.288 GC heap after
{Heap after GC invocations=6 (full 0):
 garbage-first heap   total 129024K, used 21806K [0x00000000a0000000, 0x0000000100000000)
  region size 1024K, 6 young (6144K), 6 survivors (6144K)
 Metaspace       used 35271K, capacity 35767K, committed 35840K, reserved 1081344K
  class space    used 4387K, capacity 4584K, committed 4608K, reserved 1048576K
}
Event: 6.040 GC heap before
{Heap before GC invocations=7 (full 0):
 garbage-first heap   total 129024K, used 73006K [0x00000000a0000000, 0x0000000100000000)
  region size 1024K, 56 young (57344K), 6 survivors (6144K)
 Metaspace       used 38775K, capacity 39466K, committed 39552K, reserved 1083392K
  class space    used 4950K, capacity 5174K, committed 5248K, reserved 1048576K
}
Event: 6.047 GC heap after
{Heap after GC invocations=8 (full 0):
 garbage-first heap   total 129024K, used 24525K [0x00000000a0000000, 0x0000000100000000)
  region size 1024K, 6 young (6144K), 6 survivors (6144K)
 Metaspace       used 38775K, capacity 39466K, committed 39552K, reserved 1083392K
  class space    used 4950K, capacity 5174K, committed 5248K, reserved 1048576K
}
Event: 8.633 GC heap before
{Heap before GC invocations=8 (full 0):
 garbage-first heap   total 129024K, used 81869K [0x00000000a0000000, 0x0000000100000000)
  region size 1024K, 58 young (59392K), 6 survivors (6144K)
 Metaspace       used 44206K, capacity 45136K, committed 45440K, reserved 1089536K
  class space    used 5619K, capacity 5934K, committed 6016K, reserved 1048576K
}
Event: 8.642 GC heap after
{Heap after GC invocations=9 (full 0):
 garbage-first heap   total 129024K, used 37888K [0x00000000a0000000, 0x0000000100000000)
  region size 1024K, 8 young (8192K), 8 survivors (8192K)
 Metaspace       used 44206K, capacity 45136K, committed 45440K, reserved 1089536K
  class space    used 5619K, capacity 5934K, committed 6016K, reserved 1048576K
}
Event: 9.682 GC heap before
{Heap before GC invocations=9 (full 0):
 garbage-first heap   total 129024K, used 84992K [0x00000000a0000000, 0x0000000100000000)
  region size 1024K, 55 young (56320K), 8 survivors (8192K)
 Metaspace       used 50227K, capacity 51314K, committed 51584K, reserved 1093632K
  class space    used 6315K, capacity 6674K, committed 6784K, reserved 1048576K
}
Event: 9.690 GC heap after
{Heap after GC invocations=10 (full 0):
 garbage-first heap   total 129024K, used 44366K [0x00000000a0000000, 0x0000000100000000)
  region size 1024K, 6 young (6144K), 6 survivors (6144K)
 Metaspace       used 50227K, capacity 51314K, committed 51584K, reserved 1093632K
  class space    used 6315K, capacity 6674K, committed 6784K, reserved 1048576K
}

Deoptimization events (20 events):
Event: 9.999 Thread 0x0000020de140c800 DEOPT PACKING pc=0x0000020dca678e17 sp=0x000000fc322f49c0
Event: 9.999 Thread 0x0000020de140c800 DEOPT UNPACKING pc=0x0000020dc9ea76ce sp=0x000000fc322f3f48 mode 0
Event: 9.999 Thread 0x0000020de140c800 DEOPT PACKING pc=0x0000020dca678e17 sp=0x000000fc322f49c0
Event: 9.999 Thread 0x0000020de140c800 DEOPT UNPACKING pc=0x0000020dc9ea76ce sp=0x000000fc322f3f48 mode 0
Event: 9.999 Thread 0x0000020de140c800 DEOPT PACKING pc=0x0000020dca678e17 sp=0x000000fc322f49c0
Event: 9.999 Thread 0x0000020de140c800 DEOPT UNPACKING pc=0x0000020dc9ea76ce sp=0x000000fc322f3f48 mode 0
Event: 9.999 Thread 0x0000020de140c800 DEOPT PACKING pc=0x0000020dca678e17 sp=0x000000fc322f49c0
Event: 9.999 Thread 0x0000020de140c800 DEOPT UNPACKING pc=0x0000020dc9ea76ce sp=0x000000fc322f3f48 mode 0
Event: 9.999 Thread 0x0000020de140c800 DEOPT PACKING pc=0x0000020dca678e17 sp=0x000000fc322f49c0
Event: 9.999 Thread 0x0000020de140c800 DEOPT UNPACKING pc=0x0000020dc9ea76ce sp=0x000000fc322f3f48 mode 0
Event: 9.999 Thread 0x0000020de140c800 DEOPT PACKING pc=0x0000020dca678e17 sp=0x000000fc322f49c0
Event: 10.000 Thread 0x0000020de140c800 DEOPT UNPACKING pc=0x0000020dc9ea76ce sp=0x000000fc322f3f48 mode 0
Event: 10.000 Thread 0x0000020de140c800 DEOPT PACKING pc=0x0000020dca678e17 sp=0x000000fc322f49c0
Event: 10.000 Thread 0x0000020de140c800 DEOPT UNPACKING pc=0x0000020dc9ea76ce sp=0x000000fc322f3f48 mode 0
Event: 10.000 Thread 0x0000020de140c800 DEOPT PACKING pc=0x0000020dca678e17 sp=0x000000fc322f49c0
Event: 10.000 Thread 0x0000020de140c800 DEOPT UNPACKING pc=0x0000020dc9ea76ce sp=0x000000fc322f3f48 mode 0
Event: 10.000 Thread 0x0000020de140c800 DEOPT PACKING pc=0x0000020dca678e17 sp=0x000000fc322f49c0
Event: 10.000 Thread 0x0000020de140c800 DEOPT UNPACKING pc=0x0000020dc9ea76ce sp=0x000000fc322f3f48 mode 0
Event: 10.001 Thread 0x0000020de140c800 DEOPT PACKING pc=0x0000020dca678e17 sp=0x000000fc322f49c0
Event: 10.001 Thread 0x0000020de140c800 DEOPT UNPACKING pc=0x0000020dc9ea76ce sp=0x000000fc322f3f48 mode 0

Classes redefined (0 events):
No events

Internal exceptions (20 events):
Event: 7.937 Thread 0x0000020de140c800 Exception <a 'java/security/PrivilegedActionException'{0x00000000a57a9ee0}> (0x00000000a57a9ee0) thrown at [./src/hotspot/share/prims/jvm.cpp, line 1306]
Event: 7.938 Thread 0x0000020de140c800 Exception <a 'java/security/PrivilegedActionException'{0x00000000a57ad8d8}> (0x00000000a57ad8d8) thrown at [./src/hotspot/share/prims/jvm.cpp, line 1306]
Event: 7.938 Thread 0x0000020de140c800 Exception <a 'java/security/PrivilegedActionException'{0x00000000a57af0e8}> (0x00000000a57af0e8) thrown at [./src/hotspot/share/prims/jvm.cpp, line 1306]
Event: 7.942 Thread 0x0000020de140c800 Exception <a 'java/lang/ClassNotFoundException'{0x00000000a57cb670}: build_ee1y9k7ejxerd9jxft5pwyhirBeanInfo> (0x00000000a57cb670) thrown at [./src/hotspot/share/classfile/systemDictionary.cpp, line 231]
Event: 7.943 Thread 0x0000020de140c800 Exception <a 'java/lang/ClassNotFoundException'{0x00000000a57d9560}: build_ee1y9k7ejxerd9jxft5pwyhirCustomizer> (0x00000000a57d9560) thrown at [./src/hotspot/share/classfile/systemDictionary.cpp, line 231]
Event: 8.045 Thread 0x0000020de140c800 Exception <a 'java/lang/NoSuchMethodError'{0x00000000a4e62be8}: 'void java.lang.invoke.DirectMethodHandle$Holder.invokeStatic(java.lang.Object, java.lang.Object, java.lang.Object, java.lang.Object, java.lang.Object)'> (0x00000000a4e62be8) thrown at [./src/hotspot/share/interpreter/linkResolver.cpp, line 773]
Event: 8.200 Thread 0x0000020de140c800 Exception <a 'java/lang/IncompatibleClassChangeError'{0x00000000a4dcc8d0}: Found class java.lang.Object, but interface was expected> (0x00000000a4dcc8d0) thrown at [./src/hotspot/share/interpreter/linkResolver.cpp, line 839]
Event: 8.504 Thread 0x0000020de140c800 Exception <a 'java/lang/NoSuchMethodError'{0x00000000a4bf5b38}: 'void java.lang.invoke.DirectMethodHandle$Holder.invokeInterface(java.lang.Object, java.lang.Object)'> (0x00000000a4bf5b38) thrown at [./src/hotspot/share/interpreter/linkResolver.cpp, line 773]
Event: 9.043 Thread 0x0000020de140c800 Exception <a 'java/lang/NoSuchMethodError'{0x00000000a6976ad8}: 'void java.lang.invoke.DirectMethodHandle$Holder.invokeStatic(java.lang.Object, java.lang.Object, java.lang.Object, java.lang.Object)'> (0x00000000a6976ad8) thrown at [./src/hotspot/share/interpreter/linkResolver.cpp, line 773]
Event: 9.055 Thread 0x0000020de140c800 Exception <a 'java/lang/NoSuchMethodError'{0x00000000a6804ea8}: 'void java.lang.invoke.DirectMethodHandle$Holder.invokeSpecial(java.lang.Object, java.lang.Object)'> (0x00000000a6804ea8) thrown at [./src/hotspot/share/interpreter/linkResolver.cpp, line 773]
Event: 9.231 Thread 0x0000020de140c800 Exception <a 'java/lang/NoSuchMethodError'{0x00000000a633c2a8}: 'java.lang.Object java.lang.invoke.DirectMethodHandle$Holder.invokeSpecial(java.lang.Object, java.lang.Object, java.lang.Object, java.lang.Object, java.lang.Object, java.lang.Object, java.lang.Object, java.lang.Object, java.lang.Object, java.lang.Object, java.lang.Object, java.lang.Object, java.lang.Object, java.lang.Object)'> (0x00000000a633c2a8) thrown at [./src/hotspot/share/interpreter/linkResolver.cpp, line 773]
Event: 9.231 Thread 0x0000020de140c800 Exception <a 'java/lang/NoSuchMethodError'{0x00000000a63477a8}: 'java.lang.Object java.lang.invoke.DirectMethodHandle$Holder.invokeSpecial(java.lang.Object, java.lang.Object, java.lang.Object, java.lang.Object, java.lang.Object, java.lang.Object, java.lang.Object, java.lang.Object, java.lang.Object, java.lang.Object, java.lang.Object, java.lang.Object, java.lang.Object)'> (0x00000000a63477a8) thrown at [./src/hotspot/share/interpreter/linkResolver.cpp, line 773]
Event: 9.232 Thread 0x0000020de140c800 Exception <a 'java/lang/NoSuchMethodError'{0x00000000a634d370}: 'java.lang.Object java.lang.invoke.Invokers$Holder.invoker(java.lang.Object, java.lang.Object, java.lang.Object, java.lang.Object, java.lang.Object, java.lang.Object, java.lang.Object, java.lang.Object, java.lang.Object, java.lang.Object, java.lang.Object, java.lang.Object, java.lang.Object)'> (0x00000000a634d370) thrown at [./src/hotspot/share/interpreter/linkResolver.cpp, line 773]
Event: 9.235 Thread 0x0000020de140c800 Exception <a 'java/lang/NoSuchMethodError'{0x00000000a63a86a0}: 'java.lang.Object java.lang.invoke.DirectMethodHandle$Holder.invokeStatic(java.lang.Object, java.lang.Object, java.lang.Object, java.lang.Object, java.lang.Object, java.lang.Object, java.lang.Object, java.lang.Object, java.lang.Object, java.lang.Object, java.lang.Object, java.lang.Object, java.lang.Object, java.lang.Object, java.lang.Object)'> (0x00000000a63a86a0) thrown at [./src/hotspot/share/interpreter/linkResolver.cpp, line 773]
Event: 9.236 Thread 0x0000020de140c800 Exception <a 'java/lang/NoSuchMethodError'{0x00000000a63b79f8}: 'java.lang.Object java.lang.invoke.DirectMethodHandle$Holder.invokeStatic(java.lang.Object, java.lang.Object, java.lang.Object, java.lang.Object, java.lang.Object, java.lang.Object, java.lang.Object, java.lang.Object, java.lang.Object, java.lang.Object, java.lang.Object, java.lang.Object, java.lang.Object, java.lang.Object, java.lang.Object, java.lang.Object)'> (0x00000000a63b79f8) thrown at [./src/hotspot/share/interpreter/linkResolver.cpp, l
Event: 9.405 Thread 0x0000020de140c800 Implicit null exception at 0x0000020dd1ad558d to 0x0000020dd1ad5768
Event: 9.880 Thread 0x0000020de140c800 Exception <a 'java/lang/ClassNotFoundException'{0x00000000a724a948}: com/android/build/gradle/internal/api/DefaultAndroidSourceSet_DecoratedBeanInfo> (0x00000000a724a948) thrown at [./src/hotspot/share/classfile/systemDictionary.cpp, line 231]
Event: 9.881 Thread 0x0000020de140c800 Exception <a 'java/lang/ClassNotFoundException'{0x00000000a7262848}: com/android/build/gradle/internal/api/DefaultAndroidSourceSetBeanInfo> (0x00000000a7262848) thrown at [./src/hotspot/share/classfile/systemDictionary.cpp, line 231]
Event: 9.881 Thread 0x0000020de140c800 Exception <a 'java/lang/ClassNotFoundException'{0x00000000a727a710}: com/android/build/gradle/internal/api/DefaultAndroidSourceSetCustomizer> (0x00000000a727a710) thrown at [./src/hotspot/share/classfile/systemDictionary.cpp, line 231]
Event: 9.883 Thread 0x0000020de140c800 Exception <a 'java/lang/ClassNotFoundException'{0x00000000a72c7648}: com/android/build/gradle/internal/api/DefaultAndroidSourceSet_DecoratedCustomizer> (0x00000000a72c7648) thrown at [./src/hotspot/share/classfile/systemDictionary.cpp, line 231]

Events (20 events):
Event: 10.076 loading class kotlin/collections/EmptyIterator
Event: 10.076 loading class kotlin/collections/EmptyIterator done
Event: 10.077 loading class com/android/tools/build/jetifier/core/PackageMap$PackageRule
Event: 10.077 loading class com/android/tools/build/jetifier/core/PackageMap$PackageRule done
Event: 10.078 loading class com/android/tools/build/jetifier/core/PackageMap
Event: 10.078 loading class com/android/tools/build/jetifier/core/PackageMap done
Event: 10.079 loading class com/android/tools/build/jetifier/core/PackageMap$Companion
Event: 10.079 loading class com/android/tools/build/jetifier/core/PackageMap$Companion done
Event: 10.080 loading class com/android/tools/build/jetifier/core/pom/PomRewriteRule
Event: 10.080 loading class com/android/tools/build/jetifier/core/pom/PomRewriteRule done
Event: 10.081 loading class com/android/tools/build/jetifier/core/pom/PomRewriteRule$Companion
Event: 10.081 loading class com/android/tools/build/jetifier/core/pom/PomRewriteRule$Companion done
Event: 10.081 loading class com/android/tools/build/jetifier/core/pom/DependencyVersionsMap
Event: 10.081 loading class com/android/tools/build/jetifier/core/pom/DependencyVersionsMap done
Event: 10.082 loading class com/android/tools/build/jetifier/core/pom/DependencyVersionsMap$Companion
Event: 10.082 loading class com/android/tools/build/jetifier/core/pom/DependencyVersionsMap$Companion done
Event: 10.082 loading class kotlin/collections/MapsKt
Event: 10.082 loading class kotlin/collections/MapsKt done
Event: 10.082 loading class kotlin/collections/EmptyMap
Event: 10.082 loading class kotlin/collections/EmptyMap done


Dynamic libraries:
0x00007ff74d1b0000 - 0x00007ff74d1ba000 	D:\Programas\Android\jre\bin\java.exe
0x00007ff861a70000 - 0x00007ff861c65000 	C:\WINDOWS\SYSTEM32\ntdll.dll
0x00007ff85fdc0000 - 0x00007ff85fe7e000 	C:\WINDOWS\System32\KERNEL32.DLL
0x00007ff85f720000 - 0x00007ff85f9e8000 	C:\WINDOWS\System32\KERNELBASE.dll
0x00007ff85f320000 - 0x00007ff85f420000 	C:\WINDOWS\System32\ucrtbase.dll
0x00007ff855af0000 - 0x00007ff855b09000 	D:\Programas\Android\jre\bin\jli.dll
0x00007ff855a00000 - 0x00007ff855a17000 	D:\Programas\Android\jre\bin\VCRUNTIME140.dll
0x00007ff861880000 - 0x00007ff861a21000 	C:\WINDOWS\System32\USER32.dll
0x00007ff85f6f0000 - 0x00007ff85f712000 	C:\WINDOWS\System32\win32u.dll
0x00007ff8496e0000 - 0x00007ff84997a000 	C:\WINDOWS\WinSxS\amd64_microsoft.windows.common-controls_6595b64144ccf1df_6.0.19041.1110_none_60b5254171f9507e\COMCTL32.dll
0x00007ff861160000 - 0x00007ff86118b000 	C:\WINDOWS\System32\GDI32.dll
0x00007ff861310000 - 0x00007ff8613ae000 	C:\WINDOWS\System32\msvcrt.dll
0x00007ff85f480000 - 0x00007ff85f58b000 	C:\WINDOWS\System32\gdi32full.dll
0x00007ff85f9f0000 - 0x00007ff85fa8d000 	C:\WINDOWS\System32\msvcp_win.dll
0x00007ff861760000 - 0x00007ff861790000 	C:\WINDOWS\System32\IMM32.DLL
0x00007ff854cf0000 - 0x00007ff854d8d000 	D:\Programas\Android\jre\bin\msvcp140.dll
0x00007ff805660000 - 0x00007ff80612f000 	D:\Programas\Android\jre\bin\server\jvm.dll
0x00007ff861050000 - 0x00007ff8610fc000 	C:\WINDOWS\System32\ADVAPI32.dll
0x00007ff85fbf0000 - 0x00007ff85fc8b000 	C:\WINDOWS\System32\sechost.dll
0x00007ff8609c0000 - 0x00007ff860aea000 	C:\WINDOWS\System32\RPCRT4.dll
0x00007ff8614d0000 - 0x00007ff8614d8000 	C:\WINDOWS\System32\PSAPI.DLL
0x00007ff840170000 - 0x00007ff840197000 	C:\WINDOWS\SYSTEM32\WINMM.dll
0x00007ff857900000 - 0x00007ff857909000 	C:\WINDOWS\SYSTEM32\WSOCK32.dll
0x00007ff84abb0000 - 0x00007ff84abba000 	C:\WINDOWS\SYSTEM32\VERSION.dll
0x00007ff861460000 - 0x00007ff8614cb000 	C:\WINDOWS\System32\WS2_32.dll
0x00007ff85da10000 - 0x00007ff85da22000 	C:\WINDOWS\SYSTEM32\kernel.appcore.dll
0x00007ff853f80000 - 0x00007ff853f91000 	D:\Programas\Android\jre\bin\verify.dll
0x00007ff85a6d0000 - 0x00007ff85a8b4000 	C:\WINDOWS\SYSTEM32\DBGHELP.DLL
0x00007ff84ab80000 - 0x00007ff84abac000 	C:\WINDOWS\SYSTEM32\dbgcore.DLL
0x00007ff85f240000 - 0x00007ff85f2c3000 	C:\WINDOWS\System32\bcryptPrimitives.dll
0x00007ff84a110000 - 0x00007ff84a139000 	D:\Programas\Android\jre\bin\java.dll
0x00007ff856210000 - 0x00007ff85621b000 	D:\Programas\Android\jre\bin\jimage.dll
0x00007ff852100000 - 0x00007ff852118000 	D:\Programas\Android\jre\bin\zip.dll
0x00007ff85fe80000 - 0x00007ff8605bf000 	C:\WINDOWS\System32\SHELL32.dll
0x00007ff859e80000 - 0x00007ff85a610000 	C:\WINDOWS\SYSTEM32\windows.storage.dll
0x00007ff8605d0000 - 0x00007ff860925000 	C:\WINDOWS\System32\combase.dll
0x00007ff85ebe0000 - 0x00007ff85ec0e000 	C:\WINDOWS\SYSTEM32\Wldp.dll
0x00007ff8613b0000 - 0x00007ff86145d000 	C:\WINDOWS\System32\SHCORE.dll
0x00007ff861690000 - 0x00007ff8616e5000 	C:\WINDOWS\System32\shlwapi.dll
0x00007ff85f0d0000 - 0x00007ff85f0ef000 	C:\WINDOWS\SYSTEM32\profapi.dll
0x00007ff850e90000 - 0x00007ff850eaa000 	D:\Programas\Android\jre\bin\net.dll
0x00007ff856df0000 - 0x00007ff856efc000 	C:\WINDOWS\SYSTEM32\WINHTTP.dll
0x00007ff85e940000 - 0x00007ff85e9aa000 	C:\WINDOWS\system32\mswsock.dll
0x00007ff84aad0000 - 0x00007ff84aae4000 	D:\Programas\Android\jre\bin\nio.dll
0x00007ff8505f0000 - 0x00007ff850616000 	C:\Users\Danyllo\.gradle\native\30\windows-amd64\native-platform.dll
0x00007ff856160000 - 0x00007ff85616a000 	D:\Programas\Android\jre\bin\management.dll
0x00007ff855970000 - 0x00007ff85597c000 	D:\Programas\Android\jre\bin\management_ext.dll
0x00007ff85eb30000 - 0x00007ff85eb48000 	C:\WINDOWS\SYSTEM32\CRYPTSP.dll
0x00007ff85e250000 - 0x00007ff85e284000 	C:\WINDOWS\system32\rsaenh.dll
0x00007ff85fa90000 - 0x00007ff85fab7000 	C:\WINDOWS\System32\bcrypt.dll
0x00007ff85f090000 - 0x00007ff85f0be000 	C:\WINDOWS\SYSTEM32\USERENV.dll
0x00007ff85eb50000 - 0x00007ff85eb5c000 	C:\WINDOWS\SYSTEM32\CRYPTBASE.dll
0x00007ff85e5e0000 - 0x00007ff85e61b000 	C:\WINDOWS\SYSTEM32\IPHLPAPI.DLL
0x00007ff861750000 - 0x00007ff861758000 	C:\WINDOWS\System32\NSI.dll
0x00007ff854260000 - 0x00007ff854277000 	C:\WINDOWS\SYSTEM32\dhcpcsvc6.DLL
0x00007ff854f50000 - 0x00007ff854f6d000 	C:\WINDOWS\SYSTEM32\dhcpcsvc.DLL
0x00007ff85e630000 - 0x00007ff85e6fb000 	C:\WINDOWS\SYSTEM32\DNSAPI.dll

dbghelp: loaded successfully - version: 4.0.5 - missing functions: none
symbol engine: initialized successfully - sym options: 0x614 - pdb path: .;D:\Programas\Android\jre\bin;C:\WINDOWS\SYSTEM32;C:\WINDOWS\WinSxS\amd64_microsoft.windows.common-controls_6595b64144ccf1df_6.0.19041.1110_none_60b5254171f9507e;D:\Programas\Android\jre\bin\server;C:\Users\Danyllo\.gradle\native\30\windows-amd64

VM Arguments:
jvm_args: --add-opens=java.base/java.util=ALL-UNNAMED --add-opens=java.base/java.lang=ALL-UNNAMED --add-opens=java.base/java.lang.invoke=ALL-UNNAMED --add-opens=java.prefs/java.util.prefs=ALL-UNNAMED -Xmx1536M -Dfile.encoding=windows-1252 -Duser.country=BR -Duser.language=pt -Duser.variant 
java_command: org.gradle.launcher.daemon.bootstrap.GradleDaemon 5.6.2
java_class_path (initial): C:\Users\Danyllo\.gradle\wrapper\dists\gradle-5.6.2-all\9st6wgf78h16so49nn74lgtbb\gradle-5.6.2\lib\gradle-launcher-5.6.2.jar
Launcher Type: SUN_STANDARD

[Global flags]
     intx CICompilerCount                          = 4                                         {product} {ergonomic}
     uint ConcGCThreads                            = 2                                         {product} {ergonomic}
     uint G1ConcRefinementThreads                  = 8                                         {product} {ergonomic}
   size_t G1HeapRegionSize                         = 1048576                                   {product} {ergonomic}
    uintx GCDrainStackTargetSize                   = 64                                        {product} {ergonomic}
   size_t InitialHeapSize                          = 132120576                                 {product} {ergonomic}
   size_t MarkStackSize                            = 4194304                                   {product} {ergonomic}
   size_t MaxHeapSize                              = 1610612736                                {product} {command line}
   size_t MaxNewSize                               = 965738496                                 {product} {ergonomic}
   size_t MinHeapDeltaBytes                        = 1048576                                   {product} {ergonomic}
    uintx NonNMethodCodeHeapSize                   = 5836300                                {pd product} {ergonomic}
    uintx NonProfiledCodeHeapSize                  = 122910970                              {pd product} {ergonomic}
    uintx ProfiledCodeHeapSize                     = 122910970                              {pd product} {ergonomic}
    uintx ReservedCodeCacheSize                    = 251658240                              {pd product} {ergonomic}
     bool SegmentedCodeCache                       = true                                      {product} {ergonomic}
     bool UseCompressedClassPointers               = true                                 {lp64_product} {ergonomic}
     bool UseCompressedOops                        = true                                 {lp64_product} {ergonomic}
     bool UseG1GC                                  = true                                      {product} {ergonomic}
     bool UseLargePagesIndividualAllocation        = false                                  {pd product} {ergonomic}

Logging:
Log output configuration:
 #0: stdout all=warning uptime,level,tags
 #1: stderr all=off uptime,level,tags

Environment Variables:
JAVA_HOME=D:\Programas\Android\jre
JRE_HOME=D:\Java\jre1.8.0_111
CLASSPATH=D:\CRTMOBILE\CRT_Mobile_Flutter\android\\gradle\wrapper\gradle-wrapper.jar
PATH=C:\ProgramData\Oracle\Java\javapath;C:\Program Files (x86)\Common Files\Oracle\Java\javapath;C:\Python39\Scripts\;C:\Python39\;D:\Programas\apache-maven-3.6.3\bin;D:\Programas\flutter\bin;C:\Windows\System32;D:\Programas\Microsoft VS Code\bin;C:\ProgramData\chocolatey\bin;C:\Windows\System32\WindowsPowerShell\v1.0;C:\Python39\Scripts;D:\Programas\adb;C:\Program Files\Java\jre1.8.0_291\bin;D:\Program Files\Git\cmd;D:\Programas\Node JS\;C:\Program Files\NVIDIA Corporation\NVIDIA NvDLISR;D:\Programas\flutter\bin;D:\Downloads\sts-4.7.1.RELEASE\jre\bin\javaw.exe;D:\Programas\Microsoft VS Code\bin;C:\Program Files\Java\jre1.8.0_291\bin;C:\Users\Danyllo\AppData\Roaming\npm;C:\tools\dart-sdk\bin;C:\Users\Danyllo\AppData\Roaming\Pub\Cache\bin;;D:\Programas\flutter\bin\mingit\cmd
USERNAME=Danyllo
OS=Windows_NT
PROCESSOR_IDENTIFIER=Intel64 Family 6 Model 158 Stepping 10, GenuineIntel



---------------  S Y S T E M  ---------------

OS: Windows 10 , 64 bit Build 19041 (10.0.19041.1348)
OS uptime: 6 days 5:33 hours

CPU:total 8 (initial active 8) (4 cores per cpu, 2 threads per core) family 6 model 158 stepping 10 microcode 0xea, cmov, cx8, fxsr, mmx, sse, sse2, sse3, ssse3, sse4.1, sse4.2, popcnt, avx, avx2, aes, clmul, erms, 3dnowpref, lzcnt, ht, tsc, tscinvbit, bmi1, bmi2, adx, fma

Memory: 4k page, system-wide physical 8022M (243M free)
TotalPageFile size 20857M (AvailPageFile size 0M)
current process WorkingSet (physical memory assigned to process): 281M, peak: 281M
current process commit charge ("private bytes"): 322M, peak: 323M

vm_info: OpenJDK 64-Bit Server VM (11.0.10+0-b96-7249189) for windows-amd64 JRE (11.0.10+0-b96-7249189), built on Mar 31 2021 21:44:00 by "builder" with MS VC++ 14.0 (VS2015)

END.
